{"D:\\projects\\blogging-app-backend\\blog-app\\src\\config\\database.js":{"path":"D:\\projects\\blogging-app-backend\\blog-app\\src\\config\\database.js","statementMap":{"0":{"start":{"line":3,"column":29},"end":{"line":3,"column":84}},"1":{"start":{"line":5,"column":0},"end":{"line":7,"column":3}},"2":{"start":{"line":8,"column":0},"end":{"line":8,"column":28}},"3":{"start":{"line":10,"column":19},"end":{"line":10,"column":80}},"4":{"start":{"line":12,"column":25},"end":{"line":12,"column":99}},"5":{"start":{"line":14,"column":14},"end":{"line":14,"column":57}},"6":{"start":{"line":16,"column":15},"end":{"line":16,"column":33}},"7":{"start":{"line":18,"column":28},"end":{"line":59,"column":3}},"8":{"start":{"line":19,"column":13},"end":{"line":54,"column":5}},"9":{"start":{"line":21,"column":4},"end":{"line":53,"column":16}},"10":{"start":{"line":22,"column":6},"end":{"line":52,"column":7}},"11":{"start":{"line":23,"column":8},"end":{"line":51,"column":9}},"12":{"start":{"line":25,"column":12},"end":{"line":25,"column":106}},"13":{"start":{"line":26,"column":12},"end":{"line":26,"column":30}},"14":{"start":{"line":27,"column":12},"end":{"line":30,"column":15}},"15":{"start":{"line":33,"column":12},"end":{"line":33,"column":35}},"16":{"start":{"line":35,"column":12},"end":{"line":35,"column":66}},"17":{"start":{"line":37,"column":12},"end":{"line":46,"column":13}},"18":{"start":{"line":38,"column":14},"end":{"line":38,"column":98}},"19":{"start":{"line":39,"column":14},"end":{"line":39,"column":98}},"20":{"start":{"line":40,"column":14},"end":{"line":43,"column":16}},"21":{"start":{"line":45,"column":14},"end":{"line":45,"column":84}},"22":{"start":{"line":50,"column":12},"end":{"line":50,"column":35}},"23":{"start":{"line":56,"column":2},"end":{"line":58,"column":4}},"24":{"start":{"line":57,"column":4},"end":{"line":57,"column":39}},"25":{"start":{"line":61,"column":15},"end":{"line":61,"column":23}},"26":{"start":{"line":62,"column":0},"end":{"line":62,"column":30}}},"fnMap":{"0":{"name":"(anonymous_0)","decl":{"start":{"line":18,"column":28},"end":{"line":18,"column":29}},"loc":{"start":{"line":18,"column":40},"end":{"line":59,"column":1}},"line":18},"1":{"name":"_callee","decl":{"start":{"line":19,"column":100},"end":{"line":19,"column":107}},"loc":{"start":{"line":19,"column":110},"end":{"line":54,"column":3}},"line":19},"2":{"name":"_callee$","decl":{"start":{"line":21,"column":49},"end":{"line":21,"column":57}},"loc":{"start":{"line":21,"column":68},"end":{"line":53,"column":5}},"line":21},"3":{"name":"database","decl":{"start":{"line":56,"column":18},"end":{"line":56,"column":26}},"loc":{"start":{"line":56,"column":29},"end":{"line":58,"column":3}},"line":56}},"branchMap":{"0":{"loc":{"start":{"line":23,"column":8},"end":{"line":51,"column":9}},"type":"switch","locations":[{"start":{"line":24,"column":10},"end":{"line":30,"column":15}},{"start":{"line":32,"column":10},"end":{"line":46,"column":13}},{"start":{"line":48,"column":10},"end":{"line":48,"column":17}},{"start":{"line":49,"column":10},"end":{"line":50,"column":35}}],"line":23},"1":{"loc":{"start":{"line":25,"column":23},"end":{"line":25,"column":105}},"type":"cond-expr","locations":[{"start":{"line":25,"column":57},"end":{"line":25,"column":82}},{"start":{"line":25,"column":85},"end":{"line":25,"column":105}}],"line":25}},"s":{"0":1,"1":1,"2":1,"3":1,"4":1,"5":1,"6":1,"7":1,"8":1,"9":3,"10":6,"11":6,"12":3,"13":3,"14":3,"15":3,"16":3,"17":3,"18":3,"19":3,"20":3,"21":0,"22":3,"23":1,"24":3,"25":1,"26":1},"f":{"0":1,"1":3,"2":6,"3":3},"b":{"0":[3,3,3,3],"1":[3,0]},"inputSourceMap":{"version":3,"names":["database","DATABASE","process","env","NODE_ENV","DATABASE_TEST","MongoClient","connect","useNewUrlParser","useUnifiedTopology","client","logger","info","userCollection","db","myDb","collection","blogCollection","module","exports","error"],"sourceRoot":"D:\\projects\\blogging-app-backend\\blog-app\\src\\config\\","sources":["database.js"],"sourcesContent":["import logger from './logger';\r\nimport { MongoClient } from 'mongodb';\r\n\r\nconst database = async () => {\r\n    const DATABASE =\r\n        process.env.NODE_ENV === 'test'\r\n            ? process.env.DATABASE_TEST\r\n            : process.env.DATABASE;\r\n    const client = await MongoClient.connect(DATABASE, { useNewUrlParser: true, useUnifiedTopology: true });\r\n    logger.info('Connected to the database.');\r\n    \r\n    try {\r\n        const userCollection = client.db(process.env.myDb).collection(process.env.userCollection);\r\n        const blogCollection = client.db(process.env.myDb).collection(process.env.blogCollection);\r\n        module.exports = { userCollection, blogCollection };\r\n\r\n    } catch (error) {\r\n        logger.error('Could not connect to the database.', error);\r\n    }\r\n};\r\nexport default database;"],"mappings":";;;;;;;;;;;;;AAAA;;AACA;;AAEA,IAAMA,QAAQ;EAAA,yFAAG;IAAA;IAAA;MAAA;QAAA;UAAA;YACPC,QADO,GAETC,OAAO,CAACC,GAAR,CAAYC,QAAZ,KAAyB,MAAzB,GACMF,OAAO,CAACC,GAAR,CAAYE,aADlB,GAEMH,OAAO,CAACC,GAAR,CAAYF,QAJT;YAAA;YAAA,OAKQK,oBAAA,CAAYC,OAAZ,CAAoBN,QAApB,EAA8B;cAAEO,eAAe,EAAE,IAAnB;cAAyBC,kBAAkB,EAAE;YAA7C,CAA9B,CALR;;UAAA;YAKPC,MALO;;YAMbC,kBAAA,CAAOC,IAAP,CAAY,4BAAZ;;YAEA,IAAI;cACMC,cADN,GACuBH,MAAM,CAACI,EAAP,CAAUZ,OAAO,CAACC,GAAR,CAAYY,IAAtB,EAA4BC,UAA5B,CAAuCd,OAAO,CAACC,GAAR,CAAYU,cAAnD,CADvB;cAEMI,cAFN,GAEuBP,MAAM,CAACI,EAAP,CAAUZ,OAAO,CAACC,GAAR,CAAYY,IAAtB,EAA4BC,UAA5B,CAAuCd,OAAO,CAACC,GAAR,CAAYc,cAAnD,CAFvB;cAGAC,MAAM,CAACC,OAAP,GAAiB;gBAAEN,cAAc,EAAdA,cAAF;gBAAkBI,cAAc,EAAdA;cAAlB,CAAjB;YAEH,CALD,CAKE,OAAOG,KAAP,EAAc;cACZT,kBAAA,CAAOS,KAAP,CAAa,oCAAb,EAAmDA,KAAnD;YACH;;UAfY;UAAA;YAAA;QAAA;MAAA;IAAA;EAAA,CAAH;;EAAA,gBAARpB,QAAQ;IAAA;EAAA;AAAA,GAAd;;eAiBeA,Q"},"_coverageSchema":"1a1c01bbd47fc00a2c39e90264f33305004495a9","hash":"96a765adc8f539cfba587ee117d6869fa10d86be","contentHash":"b9920f6561ca5c92a4097dc39a0714b3a4c2a9d617bbb50f3a4e5e8f291eff3f"},"D:\\projects\\blogging-app-backend\\blog-app\\src\\config\\logger.js":{"path":"D:\\projects\\blogging-app-backend\\blog-app\\src\\config\\logger.js","statementMap":{"0":{"start":{"line":3,"column":14},"end":{"line":3,"column":54}},"1":{"start":{"line":5,"column":0},"end":{"line":7,"column":3}},"2":{"start":{"line":8,"column":0},"end":{"line":8,"column":48}},"3":{"start":{"line":10,"column":15},"end":{"line":10,"column":58}},"4":{"start":{"line":12,"column":0},"end":{"line":12,"column":37}},"5":{"start":{"line":14,"column":49},"end":{"line":14,"column":96}},"6":{"start":{"line":14,"column":84},"end":{"line":14,"column":96}},"7":{"start":{"line":14,"column":121},"end":{"line":14,"column":134}},"8":{"start":{"line":14,"column":159},"end":{"line":14,"column":172}},"9":{"start":{"line":14,"column":174},"end":{"line":14,"column":333}},"10":{"start":{"line":14,"column":258},"end":{"line":14,"column":316}},"11":{"start":{"line":16,"column":53},"end":{"line":16,"column":111}},"12":{"start":{"line":16,"column":98},"end":{"line":16,"column":109}},"13":{"start":{"line":16,"column":112},"end":{"line":16,"column":218}},"14":{"start":{"line":16,"column":190},"end":{"line":16,"column":216}},"15":{"start":{"line":16,"column":231},"end":{"line":16,"column":268}},"16":{"start":{"line":16,"column":270},"end":{"line":16,"column":325}},"17":{"start":{"line":16,"column":301},"end":{"line":16,"column":323}},"18":{"start":{"line":16,"column":339},"end":{"line":16,"column":341}},"19":{"start":{"line":16,"column":371},"end":{"line":16,"column":427}},"20":{"start":{"line":16,"column":429},"end":{"line":16,"column":730}},"21":{"start":{"line":16,"column":452},"end":{"line":16,"column":728}},"22":{"start":{"line":16,"column":538},"end":{"line":16,"column":610}},"23":{"start":{"line":16,"column":612},"end":{"line":16,"column":726}},"24":{"start":{"line":16,"column":650},"end":{"line":16,"column":691}},"25":{"start":{"line":16,"column":701},"end":{"line":16,"column":724}},"26":{"start":{"line":16,"column":731},"end":{"line":16,"column":755}},"27":{"start":{"line":16,"column":756},"end":{"line":16,"column":794}},"28":{"start":{"line":16,"column":769},"end":{"line":16,"column":792}},"29":{"start":{"line":16,"column":795},"end":{"line":16,"column":809}},"30":{"start":{"line":21,"column":13},"end":{"line":43,"column":2}},"31":{"start":{"line":49,"column":19},"end":{"line":66,"column":2}},"32":{"start":{"line":68,"column":16},"end":{"line":77,"column":1}},"33":{"start":{"line":75,"column":4},"end":{"line":75,"column":42}},"34":{"start":{"line":78,"column":0},"end":{"line":78,"column":30}},"35":{"start":{"line":79,"column":15},"end":{"line":79,"column":21}},"36":{"start":{"line":80,"column":0},"end":{"line":80,"column":30}}},"fnMap":{"0":{"name":"_getRequireWildcardCache","decl":{"start":{"line":14,"column":9},"end":{"line":14,"column":33}},"loc":{"start":{"line":14,"column":47},"end":{"line":14,"column":335}},"line":14},"1":{"name":"_getRequireWildcardCache","decl":{"start":{"line":14,"column":218},"end":{"line":14,"column":242}},"loc":{"start":{"line":14,"column":256},"end":{"line":14,"column":318}},"line":14},"2":{"name":"_interopRequireWildcard","decl":{"start":{"line":16,"column":9},"end":{"line":16,"column":32}},"loc":{"start":{"line":16,"column":51},"end":{"line":16,"column":811}},"line":16},"3":{"name":"write","decl":{"start":{"line":74,"column":18},"end":{"line":74,"column":23}},"loc":{"start":{"line":74,"column":33},"end":{"line":76,"column":3}},"line":74}},"branchMap":{"0":{"loc":{"start":{"line":14,"column":49},"end":{"line":14,"column":96}},"type":"if","locations":[{"start":{"line":14,"column":49},"end":{"line":14,"column":96}},{"start":{"line":14,"column":49},"end":{"line":14,"column":96}}],"line":14},"1":{"loc":{"start":{"line":14,"column":265},"end":{"line":14,"column":315}},"type":"cond-expr","locations":[{"start":{"line":14,"column":279},"end":{"line":14,"column":295}},{"start":{"line":14,"column":298},"end":{"line":14,"column":315}}],"line":14},"2":{"loc":{"start":{"line":16,"column":53},"end":{"line":16,"column":111}},"type":"if","locations":[{"start":{"line":16,"column":53},"end":{"line":16,"column":111}},{"start":{"line":16,"column":53},"end":{"line":16,"column":111}}],"line":16},"3":{"loc":{"start":{"line":16,"column":57},"end":{"line":16,"column":94}},"type":"binary-expr","locations":[{"start":{"line":16,"column":57},"end":{"line":16,"column":69}},{"start":{"line":16,"column":73},"end":{"line":16,"column":76}},{"start":{"line":16,"column":80},"end":{"line":16,"column":94}}],"line":16},"4":{"loc":{"start":{"line":16,"column":112},"end":{"line":16,"column":218}},"type":"if","locations":[{"start":{"line":16,"column":112},"end":{"line":16,"column":218}},{"start":{"line":16,"column":112},"end":{"line":16,"column":218}}],"line":16},"5":{"loc":{"start":{"line":16,"column":116},"end":{"line":16,"column":186}},"type":"binary-expr","locations":[{"start":{"line":16,"column":116},"end":{"line":16,"column":128}},{"start":{"line":16,"column":132},"end":{"line":16,"column":157}},{"start":{"line":16,"column":161},"end":{"line":16,"column":186}}],"line":16},"6":{"loc":{"start":{"line":16,"column":270},"end":{"line":16,"column":325}},"type":"if","locations":[{"start":{"line":16,"column":270},"end":{"line":16,"column":325}},{"start":{"line":16,"column":270},"end":{"line":16,"column":325}}],"line":16},"7":{"loc":{"start":{"line":16,"column":274},"end":{"line":16,"column":297}},"type":"binary-expr","locations":[{"start":{"line":16,"column":274},"end":{"line":16,"column":279}},{"start":{"line":16,"column":283},"end":{"line":16,"column":297}}],"line":16},"8":{"loc":{"start":{"line":16,"column":371},"end":{"line":16,"column":427}},"type":"binary-expr","locations":[{"start":{"line":16,"column":371},"end":{"line":16,"column":392}},{"start":{"line":16,"column":396},"end":{"line":16,"column":427}}],"line":16},"9":{"loc":{"start":{"line":16,"column":452},"end":{"line":16,"column":728}},"type":"if","locations":[{"start":{"line":16,"column":452},"end":{"line":16,"column":728}},{"start":{"line":16,"column":452},"end":{"line":16,"column":728}}],"line":16},"10":{"loc":{"start":{"line":16,"column":456},"end":{"line":16,"column":523}},"type":"binary-expr","locations":[{"start":{"line":16,"column":456},"end":{"line":16,"column":473}},{"start":{"line":16,"column":477},"end":{"line":16,"column":523}}],"line":16},"11":{"loc":{"start":{"line":16,"column":538},"end":{"line":16,"column":610}},"type":"cond-expr","locations":[{"start":{"line":16,"column":562},"end":{"line":16,"column":603}},{"start":{"line":16,"column":606},"end":{"line":16,"column":610}}],"line":16},"12":{"loc":{"start":{"line":16,"column":612},"end":{"line":16,"column":726}},"type":"if","locations":[{"start":{"line":16,"column":612},"end":{"line":16,"column":726}},{"start":{"line":16,"column":612},"end":{"line":16,"column":726}}],"line":16},"13":{"loc":{"start":{"line":16,"column":616},"end":{"line":16,"column":646}},"type":"binary-expr","locations":[{"start":{"line":16,"column":616},"end":{"line":16,"column":620}},{"start":{"line":16,"column":625},"end":{"line":16,"column":633}},{"start":{"line":16,"column":637},"end":{"line":16,"column":645}}],"line":16},"14":{"loc":{"start":{"line":16,"column":756},"end":{"line":16,"column":794}},"type":"if","locations":[{"start":{"line":16,"column":756},"end":{"line":16,"column":794}},{"start":{"line":16,"column":756},"end":{"line":16,"column":794}}],"line":16}},"s":{"0":1,"1":1,"2":1,"3":1,"4":1,"5":1,"6":0,"7":1,"8":1,"9":1,"10":1,"11":1,"12":0,"13":1,"14":0,"15":1,"16":1,"17":0,"18":1,"19":1,"20":1,"21":37,"22":37,"23":37,"24":0,"25":37,"26":1,"27":1,"28":1,"29":1,"30":1,"31":1,"32":1,"33":5,"34":1,"35":1,"36":1},"f":{"0":1,"1":1,"2":1,"3":5},"b":{"0":[0,1],"1":[0,1],"2":[0,1],"3":[1,1,1],"4":[0,1],"5":[1,1,0],"6":[0,1],"7":[1,1],"8":[1,1],"9":[37,0],"10":[37,37],"11":[37,0],"12":[0,37],"13":[37,37,37],"14":[1,0]},"inputSourceMap":{"version":3,"names":["logger","winston","createLogger","format","combine","timestamp","simple","colorize","transports","File","filename","level","handleExceptions","DailyRotateFile","maxFiles","dirname","datePattern","Console","json","morganLogger","logStream","write","message","info","toString"],"sourceRoot":"D:\\projects\\blogging-app-backend\\blog-app\\src\\config\\","sources":["logger.js"],"sourcesContent":["import winston, { format } from 'winston';\nimport 'winston-daily-rotate-file';\n\n/**\n * Logger handles all logs in the application\n */\nconst logger = winston.createLogger({\n  format: format.combine(format.timestamp(), format.simple()),\n  colorize: true,\n  transports: [\n    new winston.transports.File({\n      filename: 'logs/server/error.log',\n      level: 'error',\n      handleExceptions: true\n    }),\n    new winston.transports.File({\n      filename: 'logs/server/all.log',\n      level: 'info',\n      handleExceptions: true\n    }),\n    new winston.transports.DailyRotateFile({\n      maxFiles: '14d',\n      level: 'info',\n      dirname: 'logs/server/daily',\n      datePattern: 'YYYY-MM-DD',\n      filename: '%DATE%.log'\n    }),\n    new winston.transports.Console({\n      level: 'debug',\n      json: false,\n      handleExceptions: true\n    })\n  ]\n});\n\n/**\n * morganLogger logs all http request in a dedicated file and on console\n */\nconst morganLogger = winston.createLogger({\n  format: format.combine(format.simple()),\n  transports: [\n    new winston.transports.File({\n      filename: 'logs/requests/all.log',\n      level: 'debug',\n      handleExceptions: true\n    }),\n    new winston.transports.Console({\n      level: 'debug',\n      json: false,\n      handleExceptions: true\n    }),\n    new winston.transports.DailyRotateFile({\n      maxFiles: '14d',\n      level: 'info',\n      dirname: 'logs/requests/daily',\n      datePattern: 'YYYY-MM-DD',\n      filename: '%DATE%.log'\n    })\n  ]\n});\n\nexport const logStream = {\n  /**\n   * A writable stream for winston logger.\n   *\n   * @param {any} message\n   */\n  write(message) {\n    morganLogger.info(message.toString());\n  }\n};\n\nexport default logger;"],"mappings":";;;;;;;;;AAAA;;AACA;;;;;;AAEA;AACA;AACA;AACA,IAAMA,MAAM,GAAGC,mBAAA,CAAQC,YAAR,CAAqB;EAClCC,MAAM,EAAEA,eAAA,CAAOC,OAAP,CAAeD,eAAA,CAAOE,SAAP,EAAf,EAAmCF,eAAA,CAAOG,MAAP,EAAnC,CAD0B;EAElCC,QAAQ,EAAE,IAFwB;EAGlCC,UAAU,EAAE,CACV,IAAIP,mBAAA,CAAQO,UAAR,CAAmBC,IAAvB,CAA4B;IAC1BC,QAAQ,EAAE,uBADgB;IAE1BC,KAAK,EAAE,OAFmB;IAG1BC,gBAAgB,EAAE;EAHQ,CAA5B,CADU,EAMV,IAAIX,mBAAA,CAAQO,UAAR,CAAmBC,IAAvB,CAA4B;IAC1BC,QAAQ,EAAE,qBADgB;IAE1BC,KAAK,EAAE,MAFmB;IAG1BC,gBAAgB,EAAE;EAHQ,CAA5B,CANU,EAWV,IAAIX,mBAAA,CAAQO,UAAR,CAAmBK,eAAvB,CAAuC;IACrCC,QAAQ,EAAE,KAD2B;IAErCH,KAAK,EAAE,MAF8B;IAGrCI,OAAO,EAAE,mBAH4B;IAIrCC,WAAW,EAAE,YAJwB;IAKrCN,QAAQ,EAAE;EAL2B,CAAvC,CAXU,EAkBV,IAAIT,mBAAA,CAAQO,UAAR,CAAmBS,OAAvB,CAA+B;IAC7BN,KAAK,EAAE,OADsB;IAE7BO,IAAI,EAAE,KAFuB;IAG7BN,gBAAgB,EAAE;EAHW,CAA/B,CAlBU;AAHsB,CAArB,CAAf;AA6BA;AACA;AACA;;;AACA,IAAMO,YAAY,GAAGlB,mBAAA,CAAQC,YAAR,CAAqB;EACxCC,MAAM,EAAEA,eAAA,CAAOC,OAAP,CAAeD,eAAA,CAAOG,MAAP,EAAf,CADgC;EAExCE,UAAU,EAAE,CACV,IAAIP,mBAAA,CAAQO,UAAR,CAAmBC,IAAvB,CAA4B;IAC1BC,QAAQ,EAAE,uBADgB;IAE1BC,KAAK,EAAE,OAFmB;IAG1BC,gBAAgB,EAAE;EAHQ,CAA5B,CADU,EAMV,IAAIX,mBAAA,CAAQO,UAAR,CAAmBS,OAAvB,CAA+B;IAC7BN,KAAK,EAAE,OADsB;IAE7BO,IAAI,EAAE,KAFuB;IAG7BN,gBAAgB,EAAE;EAHW,CAA/B,CANU,EAWV,IAAIX,mBAAA,CAAQO,UAAR,CAAmBK,eAAvB,CAAuC;IACrCC,QAAQ,EAAE,KAD2B;IAErCH,KAAK,EAAE,MAF8B;IAGrCI,OAAO,EAAE,qBAH4B;IAIrCC,WAAW,EAAE,YAJwB;IAKrCN,QAAQ,EAAE;EAL2B,CAAvC,CAXU;AAF4B,CAArB,CAArB;;AAuBO,IAAMU,SAAS,GAAG;EACvB;AACF;AACA;AACA;AACA;EACEC,KANuB,iBAMjBC,OANiB,EAMR;IACbH,YAAY,CAACI,IAAb,CAAkBD,OAAO,CAACE,QAAR,EAAlB;EACD;AARsB,CAAlB;;eAWQxB,M"},"_coverageSchema":"1a1c01bbd47fc00a2c39e90264f33305004495a9","hash":"2571d591df91778321f6bdff6eda0bef03f8728f","contentHash":"a09ceb0380d83c4ffac9232a7c3de8a4e03d03a5254d1335dbdc7cf2ce86487b"},"D:\\projects\\blogging-app-backend\\blog-app\\src\\index.js":{"path":"D:\\projects\\blogging-app-backend\\blog-app\\src\\index.js","statementMap":{"0":{"start":{"line":3,"column":29},"end":{"line":3,"column":84}},"1":{"start":{"line":5,"column":14},"end":{"line":5,"column":54}},"2":{"start":{"line":7,"column":0},"end":{"line":9,"column":3}},"3":{"start":{"line":10,"column":0},"end":{"line":10,"column":28}},"4":{"start":{"line":12,"column":14},"end":{"line":12,"column":55}},"5":{"start":{"line":14,"column":15},"end":{"line":14,"column":57}},"6":{"start":{"line":16,"column":12},"end":{"line":16,"column":51}},"7":{"start":{"line":18,"column":14},"end":{"line":18,"column":55}},"8":{"start":{"line":20,"column":14},"end":{"line":20,"column":57}},"9":{"start":{"line":22,"column":16},"end":{"line":22,"column":68}},"10":{"start":{"line":24,"column":13},"end":{"line":24,"column":54}},"11":{"start":{"line":26,"column":14},"end":{"line":26,"column":65}},"12":{"start":{"line":28,"column":14},"end":{"line":28,"column":55}},"13":{"start":{"line":30,"column":49},"end":{"line":30,"column":96}},"14":{"start":{"line":30,"column":84},"end":{"line":30,"column":96}},"15":{"start":{"line":30,"column":121},"end":{"line":30,"column":134}},"16":{"start":{"line":30,"column":159},"end":{"line":30,"column":172}},"17":{"start":{"line":30,"column":174},"end":{"line":30,"column":333}},"18":{"start":{"line":30,"column":258},"end":{"line":30,"column":316}},"19":{"start":{"line":32,"column":53},"end":{"line":32,"column":111}},"20":{"start":{"line":32,"column":98},"end":{"line":32,"column":109}},"21":{"start":{"line":32,"column":112},"end":{"line":32,"column":218}},"22":{"start":{"line":32,"column":190},"end":{"line":32,"column":216}},"23":{"start":{"line":32,"column":231},"end":{"line":32,"column":268}},"24":{"start":{"line":32,"column":270},"end":{"line":32,"column":325}},"25":{"start":{"line":32,"column":301},"end":{"line":32,"column":323}},"26":{"start":{"line":32,"column":339},"end":{"line":32,"column":341}},"27":{"start":{"line":32,"column":371},"end":{"line":32,"column":427}},"28":{"start":{"line":32,"column":429},"end":{"line":32,"column":730}},"29":{"start":{"line":32,"column":452},"end":{"line":32,"column":728}},"30":{"start":{"line":32,"column":538},"end":{"line":32,"column":610}},"31":{"start":{"line":32,"column":612},"end":{"line":32,"column":726}},"32":{"start":{"line":32,"column":650},"end":{"line":32,"column":691}},"33":{"start":{"line":32,"column":701},"end":{"line":32,"column":724}},"34":{"start":{"line":32,"column":731},"end":{"line":32,"column":755}},"35":{"start":{"line":32,"column":756},"end":{"line":32,"column":794}},"36":{"start":{"line":32,"column":769},"end":{"line":32,"column":792}},"37":{"start":{"line":32,"column":795},"end":{"line":32,"column":809}},"38":{"start":{"line":34,"column":0},"end":{"line":34,"column":28}},"39":{"start":{"line":36,"column":10},"end":{"line":36,"column":36}},"40":{"start":{"line":37,"column":11},"end":{"line":37,"column":31}},"41":{"start":{"line":38,"column":11},"end":{"line":38,"column":31}},"42":{"start":{"line":39,"column":18},"end":{"line":39,"column":41}},"43":{"start":{"line":40,"column":17},"end":{"line":42,"column":1}},"44":{"start":{"line":43,"column":0},"end":{"line":43,"column":43}},"45":{"start":{"line":44,"column":0},"end":{"line":44,"column":35}},"46":{"start":{"line":45,"column":0},"end":{"line":47,"column":4}},"47":{"start":{"line":48,"column":0},"end":{"line":48,"column":36}},"48":{"start":{"line":49,"column":0},"end":{"line":51,"column":4}},"49":{"start":{"line":52,"column":0},"end":{"line":52,"column":49}},"50":{"start":{"line":53,"column":0},"end":{"line":53,"column":28}},"51":{"start":{"line":54,"column":0},"end":{"line":54,"column":64}},"52":{"start":{"line":55,"column":0},"end":{"line":55,"column":32}},"53":{"start":{"line":56,"column":0},"end":{"line":56,"column":36}},"54":{"start":{"line":57,"column":0},"end":{"line":57,"column":25}},"55":{"start":{"line":58,"column":0},"end":{"line":60,"column":3}},"56":{"start":{"line":59,"column":2},"end":{"line":59,"column":113}},"57":{"start":{"line":61,"column":15},"end":{"line":61,"column":18}},"58":{"start":{"line":62,"column":0},"end":{"line":62,"column":30}}},"fnMap":{"0":{"name":"_getRequireWildcardCache","decl":{"start":{"line":30,"column":9},"end":{"line":30,"column":33}},"loc":{"start":{"line":30,"column":47},"end":{"line":30,"column":335}},"line":30},"1":{"name":"_getRequireWildcardCache","decl":{"start":{"line":30,"column":218},"end":{"line":30,"column":242}},"loc":{"start":{"line":30,"column":256},"end":{"line":30,"column":318}},"line":30},"2":{"name":"_interopRequireWildcard","decl":{"start":{"line":32,"column":9},"end":{"line":32,"column":32}},"loc":{"start":{"line":32,"column":51},"end":{"line":32,"column":811}},"line":32},"3":{"name":"(anonymous_3)","decl":{"start":{"line":58,"column":17},"end":{"line":58,"column":18}},"loc":{"start":{"line":58,"column":29},"end":{"line":60,"column":1}},"line":58}},"branchMap":{"0":{"loc":{"start":{"line":30,"column":49},"end":{"line":30,"column":96}},"type":"if","locations":[{"start":{"line":30,"column":49},"end":{"line":30,"column":96}},{"start":{"line":30,"column":49},"end":{"line":30,"column":96}}],"line":30},"1":{"loc":{"start":{"line":30,"column":265},"end":{"line":30,"column":315}},"type":"cond-expr","locations":[{"start":{"line":30,"column":279},"end":{"line":30,"column":295}},{"start":{"line":30,"column":298},"end":{"line":30,"column":315}}],"line":30},"2":{"loc":{"start":{"line":32,"column":53},"end":{"line":32,"column":111}},"type":"if","locations":[{"start":{"line":32,"column":53},"end":{"line":32,"column":111}},{"start":{"line":32,"column":53},"end":{"line":32,"column":111}}],"line":32},"3":{"loc":{"start":{"line":32,"column":57},"end":{"line":32,"column":94}},"type":"binary-expr","locations":[{"start":{"line":32,"column":57},"end":{"line":32,"column":69}},{"start":{"line":32,"column":73},"end":{"line":32,"column":76}},{"start":{"line":32,"column":80},"end":{"line":32,"column":94}}],"line":32},"4":{"loc":{"start":{"line":32,"column":112},"end":{"line":32,"column":218}},"type":"if","locations":[{"start":{"line":32,"column":112},"end":{"line":32,"column":218}},{"start":{"line":32,"column":112},"end":{"line":32,"column":218}}],"line":32},"5":{"loc":{"start":{"line":32,"column":116},"end":{"line":32,"column":186}},"type":"binary-expr","locations":[{"start":{"line":32,"column":116},"end":{"line":32,"column":128}},{"start":{"line":32,"column":132},"end":{"line":32,"column":157}},{"start":{"line":32,"column":161},"end":{"line":32,"column":186}}],"line":32},"6":{"loc":{"start":{"line":32,"column":270},"end":{"line":32,"column":325}},"type":"if","locations":[{"start":{"line":32,"column":270},"end":{"line":32,"column":325}},{"start":{"line":32,"column":270},"end":{"line":32,"column":325}}],"line":32},"7":{"loc":{"start":{"line":32,"column":274},"end":{"line":32,"column":297}},"type":"binary-expr","locations":[{"start":{"line":32,"column":274},"end":{"line":32,"column":279}},{"start":{"line":32,"column":283},"end":{"line":32,"column":297}}],"line":32},"8":{"loc":{"start":{"line":32,"column":371},"end":{"line":32,"column":427}},"type":"binary-expr","locations":[{"start":{"line":32,"column":371},"end":{"line":32,"column":392}},{"start":{"line":32,"column":396},"end":{"line":32,"column":427}}],"line":32},"9":{"loc":{"start":{"line":32,"column":452},"end":{"line":32,"column":728}},"type":"if","locations":[{"start":{"line":32,"column":452},"end":{"line":32,"column":728}},{"start":{"line":32,"column":452},"end":{"line":32,"column":728}}],"line":32},"10":{"loc":{"start":{"line":32,"column":456},"end":{"line":32,"column":523}},"type":"binary-expr","locations":[{"start":{"line":32,"column":456},"end":{"line":32,"column":473}},{"start":{"line":32,"column":477},"end":{"line":32,"column":523}}],"line":32},"11":{"loc":{"start":{"line":32,"column":538},"end":{"line":32,"column":610}},"type":"cond-expr","locations":[{"start":{"line":32,"column":562},"end":{"line":32,"column":603}},{"start":{"line":32,"column":606},"end":{"line":32,"column":610}}],"line":32},"12":{"loc":{"start":{"line":32,"column":612},"end":{"line":32,"column":726}},"type":"if","locations":[{"start":{"line":32,"column":612},"end":{"line":32,"column":726}},{"start":{"line":32,"column":612},"end":{"line":32,"column":726}}],"line":32},"13":{"loc":{"start":{"line":32,"column":616},"end":{"line":32,"column":646}},"type":"binary-expr","locations":[{"start":{"line":32,"column":616},"end":{"line":32,"column":620}},{"start":{"line":32,"column":625},"end":{"line":32,"column":633}},{"start":{"line":32,"column":637},"end":{"line":32,"column":645}}],"line":32},"14":{"loc":{"start":{"line":32,"column":756},"end":{"line":32,"column":794}},"type":"if","locations":[{"start":{"line":32,"column":756},"end":{"line":32,"column":794}},{"start":{"line":32,"column":756},"end":{"line":32,"column":794}}],"line":32}},"s":{"0":1,"1":1,"2":1,"3":1,"4":1,"5":1,"6":1,"7":1,"8":1,"9":1,"10":1,"11":1,"12":1,"13":0,"14":0,"15":0,"16":0,"17":0,"18":0,"19":1,"20":1,"21":0,"22":0,"23":0,"24":0,"25":0,"26":0,"27":0,"28":0,"29":0,"30":0,"31":0,"32":0,"33":0,"34":0,"35":0,"36":0,"37":0,"38":1,"39":1,"40":1,"41":1,"42":1,"43":1,"44":1,"45":1,"46":1,"47":1,"48":1,"49":1,"50":1,"51":1,"52":1,"53":1,"54":1,"55":1,"56":1,"57":1,"58":1},"f":{"0":0,"1":0,"2":1,"3":1},"b":{"0":[0,0],"1":[0,0],"2":[1,0],"3":[1,1,1],"4":[0,0],"5":[0,0,0],"6":[0,0],"7":[0,0],"8":[0,0],"9":[0,0],"10":[0,0],"11":[0,0],"12":[0,0],"13":[0,0,0],"14":[0,0]},"inputSourceMap":{"version":3,"names":["dotenv","config","app","express","host","process","env","APP_HOST","port","APP_PORT","api_version","API_VERSION","corsOption","exposedHeaders","use","cors","helmet","urlencoded","extended","json","morgan","stream","logStream","database","routes","appErrorHandler","genericErrorHandler","notFound","listen","logger","info"],"sourceRoot":"D:\\projects\\blogging-app-backend\\blog-app\\src\\","sources":["index.js"],"sourcesContent":["import dotenv from 'dotenv';\ndotenv.config();\n\nimport express from 'express';\nimport cors from 'cors';\nimport helmet from 'helmet';\n\nimport routes from './routes';\nimport database from './config/database';\nimport {\n  appErrorHandler,\n  genericErrorHandler,\n  notFound\n} from './middlewares/error.middleware';\nimport logger, { logStream } from './config/logger';\n\nimport morgan from 'morgan';\n\nconst app = express();\nconst host = process.env.APP_HOST;\nconst port = process.env.APP_PORT;\nconst api_version = process.env.API_VERSION;\n\nconst corsOption = {\n  exposedHeaders: 'Authorization'\n}\napp.use(cors(corsOption));\napp.use(helmet());\napp.use(express.urlencoded({ extended: true }));\napp.use(express.json());\napp.use(morgan('combined', { stream: logStream }));\napp.use(express.static('public'));\n\ndatabase();\n\napp.use(`/api/${api_version}`, routes());\napp.use(appErrorHandler);\napp.use(genericErrorHandler);\napp.use(notFound);\n\napp.listen(port, () => {\n  logger.info(`Server started at ${host}:${port}/api/${api_version}/`);\n});\n\nexport default app;\n"],"mappings":";;;;;;;;;;;AAAA;;AAGA;;AACA;;AACA;;AAEA;;AACA;;AACA;;AAKA;;AAEA;;;;;;AAfAA,kBAAA,CAAOC,MAAP;;AAiBA,IAAMC,GAAG,GAAG,IAAAC,mBAAA,GAAZ;AACA,IAAMC,IAAI,GAAGC,OAAO,CAACC,GAAR,CAAYC,QAAzB;AACA,IAAMC,IAAI,GAAGH,OAAO,CAACC,GAAR,CAAYG,QAAzB;AACA,IAAMC,WAAW,GAAGL,OAAO,CAACC,GAAR,CAAYK,WAAhC;AAEA,IAAMC,UAAU,GAAG;EACjBC,cAAc,EAAE;AADC,CAAnB;AAGAX,GAAG,CAACY,GAAJ,CAAQ,IAAAC,gBAAA,EAAKH,UAAL,CAAR;AACAV,GAAG,CAACY,GAAJ,CAAQ,IAAAE,kBAAA,GAAR;AACAd,GAAG,CAACY,GAAJ,CAAQX,mBAAA,CAAQc,UAAR,CAAmB;EAAEC,QAAQ,EAAE;AAAZ,CAAnB,CAAR;AACAhB,GAAG,CAACY,GAAJ,CAAQX,mBAAA,CAAQgB,IAAR,EAAR;AACAjB,GAAG,CAACY,GAAJ,CAAQ,IAAAM,kBAAA,EAAO,UAAP,EAAmB;EAAEC,MAAM,EAAEC;AAAV,CAAnB,CAAR;AACApB,GAAG,CAACY,GAAJ,CAAQX,mBAAA,WAAe,QAAf,CAAR;AAEA,IAAAoB,oBAAA;AAEArB,GAAG,CAACY,GAAJ,gBAAgBJ,WAAhB,GAA+B,IAAAc,kBAAA,GAA/B;AACAtB,GAAG,CAACY,GAAJ,CAAQW,sBAAR;AACAvB,GAAG,CAACY,GAAJ,CAAQY,0BAAR;AACAxB,GAAG,CAACY,GAAJ,CAAQa,eAAR;AAEAzB,GAAG,CAAC0B,MAAJ,CAAWpB,IAAX,EAAiB,YAAM;EACrBqB,kBAAA,CAAOC,IAAP,6BAAiC1B,IAAjC,cAAyCI,IAAzC,kBAAqDE,WAArD;AACD,CAFD;eAIeR,G"},"_coverageSchema":"1a1c01bbd47fc00a2c39e90264f33305004495a9","hash":"27702aa96e4e3602d85366918c566989484a1361","contentHash":"78979a497b8eb76fff4c1a408b868d929dc6745b67334ec607b0a97ea29e075c"},"D:\\projects\\blogging-app-backend\\blog-app\\src\\routes\\index.js":{"path":"D:\\projects\\blogging-app-backend\\blog-app\\src\\routes\\index.js","statementMap":{"0":{"start":{"line":3,"column":29},"end":{"line":3,"column":84}},"1":{"start":{"line":5,"column":0},"end":{"line":7,"column":3}},"2":{"start":{"line":8,"column":0},"end":{"line":8,"column":28}},"3":{"start":{"line":10,"column":15},"end":{"line":10,"column":57}},"4":{"start":{"line":12,"column":18},"end":{"line":12,"column":65}},"5":{"start":{"line":14,"column":18},"end":{"line":14,"column":65}},"6":{"start":{"line":16,"column":13},"end":{"line":16,"column":41}},"7":{"start":{"line":18,"column":13},"end":{"line":25,"column":1}},"8":{"start":{"line":19,"column":2},"end":{"line":21,"column":5}},"9":{"start":{"line":20,"column":4},"end":{"line":20,"column":24}},"10":{"start":{"line":22,"column":2},"end":{"line":22,"column":47}},"11":{"start":{"line":23,"column":2},"end":{"line":23,"column":47}},"12":{"start":{"line":24,"column":2},"end":{"line":24,"column":16}},"13":{"start":{"line":27,"column":15},"end":{"line":27,"column":21}},"14":{"start":{"line":28,"column":0},"end":{"line":28,"column":30}}},"fnMap":{"0":{"name":"routes","decl":{"start":{"line":18,"column":22},"end":{"line":18,"column":28}},"loc":{"start":{"line":18,"column":31},"end":{"line":25,"column":1}},"line":18},"1":{"name":"(anonymous_1)","decl":{"start":{"line":19,"column":18},"end":{"line":19,"column":19}},"loc":{"start":{"line":19,"column":33},"end":{"line":21,"column":3}},"line":19}},"branchMap":{},"s":{"0":1,"1":1,"2":1,"3":1,"4":1,"5":1,"6":1,"7":1,"8":1,"9":0,"10":1,"11":1,"12":1,"13":1,"14":1},"f":{"0":1,"1":0},"b":{},"inputSourceMap":{"version":3,"names":["router","express","Router","routes","get","res","json","use","userRoute","blogRoute"],"sourceRoot":"D:\\projects\\blogging-app-backend\\blog-app\\src\\routes\\","sources":["index.js"],"sourcesContent":["import express from 'express';\nconst router = express.Router();\n\nimport userRoute from './userRouter';\nimport blogRoute from './blogRouter'\n\nconst routes = () => {\n  router.get('/', (res) => {\n    res.json('Welcome');\n  });\n  router.use('/users', userRoute);\n  router.use('/blogs', blogRoute);\n\n  return router;\n};\n\nexport default routes;\n"],"mappings":";;;;;;;;;AAAA;;AAGA;;AACA;;AAHA,IAAMA,MAAM,GAAGC,mBAAA,CAAQC,MAAR,EAAf;;AAKA,IAAMC,MAAM,GAAG,SAATA,MAAS,GAAM;EACnBH,MAAM,CAACI,GAAP,CAAW,GAAX,EAAgB,UAACC,GAAD,EAAS;IACvBA,GAAG,CAACC,IAAJ,CAAS,SAAT;EACD,CAFD;EAGAN,MAAM,CAACO,GAAP,CAAW,QAAX,EAAqBC,sBAArB;EACAR,MAAM,CAACO,GAAP,CAAW,QAAX,EAAqBE,sBAArB;EAEA,OAAOT,MAAP;AACD,CARD;;eAUeG,M"},"_coverageSchema":"1a1c01bbd47fc00a2c39e90264f33305004495a9","hash":"17c7fa8f42567981ce6397d15bd5627597f52ee3","contentHash":"1668c6335a96a4b3af891d4b9bf1bd8e5dc8621dba4c5539311425495e844a15"},"D:\\projects\\blogging-app-backend\\blog-app\\src\\routes\\userRouter.js":{"path":"D:\\projects\\blogging-app-backend\\blog-app\\src\\routes\\userRouter.js","statementMap":{"0":{"start":{"line":3,"column":29},"end":{"line":3,"column":84}},"1":{"start":{"line":5,"column":14},"end":{"line":5,"column":54}},"2":{"start":{"line":7,"column":0},"end":{"line":9,"column":3}},"3":{"start":{"line":10,"column":0},"end":{"line":10,"column":28}},"4":{"start":{"line":12,"column":15},"end":{"line":12,"column":57}},"5":{"start":{"line":14,"column":21},"end":{"line":14,"column":87}},"6":{"start":{"line":16,"column":12},"end":{"line":16,"column":53}},"7":{"start":{"line":18,"column":49},"end":{"line":18,"column":96}},"8":{"start":{"line":18,"column":84},"end":{"line":18,"column":96}},"9":{"start":{"line":18,"column":121},"end":{"line":18,"column":134}},"10":{"start":{"line":18,"column":159},"end":{"line":18,"column":172}},"11":{"start":{"line":18,"column":174},"end":{"line":18,"column":333}},"12":{"start":{"line":18,"column":258},"end":{"line":18,"column":316}},"13":{"start":{"line":20,"column":53},"end":{"line":20,"column":111}},"14":{"start":{"line":20,"column":98},"end":{"line":20,"column":109}},"15":{"start":{"line":20,"column":112},"end":{"line":20,"column":218}},"16":{"start":{"line":20,"column":190},"end":{"line":20,"column":216}},"17":{"start":{"line":20,"column":231},"end":{"line":20,"column":268}},"18":{"start":{"line":20,"column":270},"end":{"line":20,"column":325}},"19":{"start":{"line":20,"column":301},"end":{"line":20,"column":323}},"20":{"start":{"line":20,"column":339},"end":{"line":20,"column":341}},"21":{"start":{"line":20,"column":371},"end":{"line":20,"column":427}},"22":{"start":{"line":20,"column":429},"end":{"line":20,"column":730}},"23":{"start":{"line":20,"column":452},"end":{"line":20,"column":728}},"24":{"start":{"line":20,"column":538},"end":{"line":20,"column":610}},"25":{"start":{"line":20,"column":612},"end":{"line":20,"column":726}},"26":{"start":{"line":20,"column":650},"end":{"line":20,"column":691}},"27":{"start":{"line":20,"column":701},"end":{"line":20,"column":724}},"28":{"start":{"line":20,"column":731},"end":{"line":20,"column":755}},"29":{"start":{"line":20,"column":756},"end":{"line":20,"column":794}},"30":{"start":{"line":20,"column":769},"end":{"line":20,"column":792}},"31":{"start":{"line":20,"column":795},"end":{"line":20,"column":809}},"32":{"start":{"line":22,"column":17},"end":{"line":22,"column":45}},"33":{"start":{"line":24,"column":0},"end":{"line":24,"column":53}},"34":{"start":{"line":25,"column":0},"end":{"line":25,"column":48}},"35":{"start":{"line":26,"column":0},"end":{"line":26,"column":65}},"36":{"start":{"line":27,"column":15},"end":{"line":27,"column":25}},"37":{"start":{"line":28,"column":0},"end":{"line":28,"column":30}}},"fnMap":{"0":{"name":"_getRequireWildcardCache","decl":{"start":{"line":18,"column":9},"end":{"line":18,"column":33}},"loc":{"start":{"line":18,"column":47},"end":{"line":18,"column":335}},"line":18},"1":{"name":"_getRequireWildcardCache","decl":{"start":{"line":18,"column":218},"end":{"line":18,"column":242}},"loc":{"start":{"line":18,"column":256},"end":{"line":18,"column":318}},"line":18},"2":{"name":"_interopRequireWildcard","decl":{"start":{"line":20,"column":9},"end":{"line":20,"column":32}},"loc":{"start":{"line":20,"column":51},"end":{"line":20,"column":811}},"line":20}},"branchMap":{"0":{"loc":{"start":{"line":18,"column":49},"end":{"line":18,"column":96}},"type":"if","locations":[{"start":{"line":18,"column":49},"end":{"line":18,"column":96}},{"start":{"line":18,"column":49},"end":{"line":18,"column":96}}],"line":18},"1":{"loc":{"start":{"line":18,"column":265},"end":{"line":18,"column":315}},"type":"cond-expr","locations":[{"start":{"line":18,"column":279},"end":{"line":18,"column":295}},{"start":{"line":18,"column":298},"end":{"line":18,"column":315}}],"line":18},"2":{"loc":{"start":{"line":20,"column":53},"end":{"line":20,"column":111}},"type":"if","locations":[{"start":{"line":20,"column":53},"end":{"line":20,"column":111}},{"start":{"line":20,"column":53},"end":{"line":20,"column":111}}],"line":20},"3":{"loc":{"start":{"line":20,"column":57},"end":{"line":20,"column":94}},"type":"binary-expr","locations":[{"start":{"line":20,"column":57},"end":{"line":20,"column":69}},{"start":{"line":20,"column":73},"end":{"line":20,"column":76}},{"start":{"line":20,"column":80},"end":{"line":20,"column":94}}],"line":20},"4":{"loc":{"start":{"line":20,"column":112},"end":{"line":20,"column":218}},"type":"if","locations":[{"start":{"line":20,"column":112},"end":{"line":20,"column":218}},{"start":{"line":20,"column":112},"end":{"line":20,"column":218}}],"line":20},"5":{"loc":{"start":{"line":20,"column":116},"end":{"line":20,"column":186}},"type":"binary-expr","locations":[{"start":{"line":20,"column":116},"end":{"line":20,"column":128}},{"start":{"line":20,"column":132},"end":{"line":20,"column":157}},{"start":{"line":20,"column":161},"end":{"line":20,"column":186}}],"line":20},"6":{"loc":{"start":{"line":20,"column":270},"end":{"line":20,"column":325}},"type":"if","locations":[{"start":{"line":20,"column":270},"end":{"line":20,"column":325}},{"start":{"line":20,"column":270},"end":{"line":20,"column":325}}],"line":20},"7":{"loc":{"start":{"line":20,"column":274},"end":{"line":20,"column":297}},"type":"binary-expr","locations":[{"start":{"line":20,"column":274},"end":{"line":20,"column":279}},{"start":{"line":20,"column":283},"end":{"line":20,"column":297}}],"line":20},"8":{"loc":{"start":{"line":20,"column":371},"end":{"line":20,"column":427}},"type":"binary-expr","locations":[{"start":{"line":20,"column":371},"end":{"line":20,"column":392}},{"start":{"line":20,"column":396},"end":{"line":20,"column":427}}],"line":20},"9":{"loc":{"start":{"line":20,"column":452},"end":{"line":20,"column":728}},"type":"if","locations":[{"start":{"line":20,"column":452},"end":{"line":20,"column":728}},{"start":{"line":20,"column":452},"end":{"line":20,"column":728}}],"line":20},"10":{"loc":{"start":{"line":20,"column":456},"end":{"line":20,"column":523}},"type":"binary-expr","locations":[{"start":{"line":20,"column":456},"end":{"line":20,"column":473}},{"start":{"line":20,"column":477},"end":{"line":20,"column":523}}],"line":20},"11":{"loc":{"start":{"line":20,"column":538},"end":{"line":20,"column":610}},"type":"cond-expr","locations":[{"start":{"line":20,"column":562},"end":{"line":20,"column":603}},{"start":{"line":20,"column":606},"end":{"line":20,"column":610}}],"line":20},"12":{"loc":{"start":{"line":20,"column":612},"end":{"line":20,"column":726}},"type":"if","locations":[{"start":{"line":20,"column":612},"end":{"line":20,"column":726}},{"start":{"line":20,"column":612},"end":{"line":20,"column":726}}],"line":20},"13":{"loc":{"start":{"line":20,"column":616},"end":{"line":20,"column":646}},"type":"binary-expr","locations":[{"start":{"line":20,"column":616},"end":{"line":20,"column":620}},{"start":{"line":20,"column":625},"end":{"line":20,"column":633}},{"start":{"line":20,"column":637},"end":{"line":20,"column":645}}],"line":20},"14":{"loc":{"start":{"line":20,"column":756},"end":{"line":20,"column":794}},"type":"if","locations":[{"start":{"line":20,"column":756},"end":{"line":20,"column":794}},{"start":{"line":20,"column":756},"end":{"line":20,"column":794}}],"line":20}},"s":{"0":1,"1":1,"2":1,"3":1,"4":1,"5":1,"6":1,"7":0,"8":0,"9":0,"10":0,"11":0,"12":0,"13":1,"14":1,"15":0,"16":0,"17":0,"18":0,"19":0,"20":0,"21":0,"22":0,"23":0,"24":0,"25":0,"26":0,"27":0,"28":0,"29":0,"30":0,"31":0,"32":1,"33":1,"34":1,"35":1,"36":1,"37":1},"f":{"0":0,"1":0,"2":1},"b":{"0":[0,0],"1":[0,0],"2":[1,0],"3":[1,1,1],"4":[0,0],"5":[0,0,0],"6":[0,0],"7":[0,0],"8":[0,0],"9":[0,0],"10":[0,0],"11":[0,0],"12":[0,0],"13":[0,0,0],"14":[0,0]},"inputSourceMap":{"version":3,"names":["userRouter","express","Router","post","userController","newUser","login","put","auth","updateUser"],"sourceRoot":"D:\\projects\\blogging-app-backend\\blog-app\\src\\routes\\","sources":["userRouter.js"],"sourcesContent":["import express from 'express';\r\nimport * as userController from '../controllers/user.controller';\r\nimport { auth } from '../middlewares/auth.middleware';\r\n\r\n\r\nconst userRouter = express.Router();\r\n\r\nuserRouter.post('/register', userController.newUser);\r\n\r\nuserRouter.post('/login', userController.login);\r\n\r\nuserRouter.put('/update', auth, userController.updateUser);\r\n\r\nexport default userRouter;\r\n"],"mappings":";;;;;;;;;;;AAAA;;AACA;;AACA;;;;;;AAGA,IAAMA,UAAU,GAAGC,mBAAA,CAAQC,MAAR,EAAnB;;AAEAF,UAAU,CAACG,IAAX,CAAgB,WAAhB,EAA6BC,cAAc,CAACC,OAA5C;AAEAL,UAAU,CAACG,IAAX,CAAgB,QAAhB,EAA0BC,cAAc,CAACE,KAAzC;AAEAN,UAAU,CAACO,GAAX,CAAe,SAAf,EAA0BC,UAA1B,EAAgCJ,cAAc,CAACK,UAA/C;eAEeT,U"},"_coverageSchema":"1a1c01bbd47fc00a2c39e90264f33305004495a9","hash":"45a2fcc259ee39777942be38f179af3d0a479c2a","contentHash":"a677b7597a0bf5b98f57a2a21db8535a4509b3c554abec6c0133f02aa7bfc70e"},"D:\\projects\\blogging-app-backend\\blog-app\\src\\controllers\\user.controller.js":{"path":"D:\\projects\\blogging-app-backend\\blog-app\\src\\controllers\\user.controller.js","statementMap":{"0":{"start":{"line":3,"column":29},"end":{"line":3,"column":84}},"1":{"start":{"line":5,"column":14},"end":{"line":5,"column":54}},"2":{"start":{"line":7,"column":0},"end":{"line":9,"column":3}},"3":{"start":{"line":10,"column":0},"end":{"line":10,"column":62}},"4":{"start":{"line":12,"column":19},"end":{"line":12,"column":80}},"5":{"start":{"line":14,"column":25},"end":{"line":14,"column":99}},"6":{"start":{"line":16,"column":23},"end":{"line":16,"column":75}},"7":{"start":{"line":18,"column":18},"end":{"line":18,"column":78}},"8":{"start":{"line":20,"column":49},"end":{"line":20,"column":96}},"9":{"start":{"line":20,"column":84},"end":{"line":20,"column":96}},"10":{"start":{"line":20,"column":121},"end":{"line":20,"column":134}},"11":{"start":{"line":20,"column":159},"end":{"line":20,"column":172}},"12":{"start":{"line":20,"column":174},"end":{"line":20,"column":333}},"13":{"start":{"line":20,"column":258},"end":{"line":20,"column":316}},"14":{"start":{"line":22,"column":53},"end":{"line":22,"column":111}},"15":{"start":{"line":22,"column":98},"end":{"line":22,"column":109}},"16":{"start":{"line":22,"column":112},"end":{"line":22,"column":218}},"17":{"start":{"line":22,"column":190},"end":{"line":22,"column":216}},"18":{"start":{"line":22,"column":231},"end":{"line":22,"column":268}},"19":{"start":{"line":22,"column":270},"end":{"line":22,"column":325}},"20":{"start":{"line":22,"column":301},"end":{"line":22,"column":323}},"21":{"start":{"line":22,"column":339},"end":{"line":22,"column":341}},"22":{"start":{"line":22,"column":371},"end":{"line":22,"column":427}},"23":{"start":{"line":22,"column":429},"end":{"line":22,"column":730}},"24":{"start":{"line":22,"column":452},"end":{"line":22,"column":728}},"25":{"start":{"line":22,"column":538},"end":{"line":22,"column":610}},"26":{"start":{"line":22,"column":612},"end":{"line":22,"column":726}},"27":{"start":{"line":22,"column":650},"end":{"line":22,"column":691}},"28":{"start":{"line":22,"column":701},"end":{"line":22,"column":724}},"29":{"start":{"line":22,"column":731},"end":{"line":22,"column":755}},"30":{"start":{"line":22,"column":756},"end":{"line":22,"column":794}},"31":{"start":{"line":22,"column":769},"end":{"line":22,"column":792}},"32":{"start":{"line":22,"column":795},"end":{"line":22,"column":809}},"33":{"start":{"line":24,"column":27},"end":{"line":64,"column":3}},"34":{"start":{"line":25,"column":13},"end":{"line":59,"column":5}},"35":{"start":{"line":27,"column":4},"end":{"line":58,"column":32}},"36":{"start":{"line":28,"column":6},"end":{"line":57,"column":7}},"37":{"start":{"line":29,"column":8},"end":{"line":56,"column":9}},"38":{"start":{"line":31,"column":12},"end":{"line":31,"column":30}},"39":{"start":{"line":32,"column":12},"end":{"line":32,"column":30}},"40":{"start":{"line":33,"column":12},"end":{"line":33,"column":49}},"41":{"start":{"line":36,"column":12},"end":{"line":36,"column":33}},"42":{"start":{"line":37,"column":12},"end":{"line":41,"column":15}},"43":{"start":{"line":42,"column":12},"end":{"line":42,"column":31}},"44":{"start":{"line":43,"column":12},"end":{"line":43,"column":18}},"45":{"start":{"line":46,"column":12},"end":{"line":46,"column":30}},"46":{"start":{"line":47,"column":12},"end":{"line":47,"column":47}},"47":{"start":{"line":48,"column":12},"end":{"line":51,"column":15}},"48":{"start":{"line":55,"column":12},"end":{"line":55,"column":35}},"49":{"start":{"line":61,"column":2},"end":{"line":63,"column":4}},"50":{"start":{"line":62,"column":4},"end":{"line":62,"column":39}},"51":{"start":{"line":66,"column":0},"end":{"line":66,"column":26}},"52":{"start":{"line":68,"column":25},"end":{"line":111,"column":3}},"53":{"start":{"line":69,"column":14},"end":{"line":106,"column":5}},"54":{"start":{"line":72,"column":4},"end":{"line":105,"column":34}},"55":{"start":{"line":73,"column":6},"end":{"line":104,"column":7}},"56":{"start":{"line":74,"column":8},"end":{"line":103,"column":9}},"57":{"start":{"line":76,"column":12},"end":{"line":76,"column":31}},"58":{"start":{"line":77,"column":12},"end":{"line":77,"column":31}},"59":{"start":{"line":78,"column":12},"end":{"line":78,"column":47}},"60":{"start":{"line":81,"column":12},"end":{"line":81,"column":51}},"61":{"start":{"line":82,"column":12},"end":{"line":82,"column":46}},"62":{"start":{"line":83,"column":12},"end":{"line":83,"column":60}},"63":{"start":{"line":84,"column":12},"end":{"line":84,"column":62}},"64":{"start":{"line":85,"column":12},"end":{"line":88,"column":15}},"65":{"start":{"line":89,"column":12},"end":{"line":89,"column":32}},"66":{"start":{"line":90,"column":12},"end":{"line":90,"column":18}},"67":{"start":{"line":93,"column":12},"end":{"line":93,"column":32}},"68":{"start":{"line":94,"column":12},"end":{"line":94,"column":49}},"69":{"start":{"line":95,"column":12},"end":{"line":98,"column":15}},"70":{"start":{"line":102,"column":12},"end":{"line":102,"column":36}},"71":{"start":{"line":108,"column":2},"end":{"line":110,"column":4}},"72":{"start":{"line":109,"column":4},"end":{"line":109,"column":40}},"73":{"start":{"line":113,"column":0},"end":{"line":113,"column":22}},"74":{"start":{"line":115,"column":30},"end":{"line":156,"column":3}},"75":{"start":{"line":116,"column":14},"end":{"line":151,"column":5}},"76":{"start":{"line":118,"column":4},"end":{"line":150,"column":33}},"77":{"start":{"line":119,"column":6},"end":{"line":149,"column":7}},"78":{"start":{"line":120,"column":8},"end":{"line":148,"column":9}},"79":{"start":{"line":122,"column":12},"end":{"line":122,"column":31}},"80":{"start":{"line":123,"column":12},"end":{"line":123,"column":36}},"81":{"start":{"line":124,"column":12},"end":{"line":124,"column":31}},"82":{"start":{"line":125,"column":12},"end":{"line":125,"column":60}},"83":{"start":{"line":128,"column":12},"end":{"line":128,"column":34}},"84":{"start":{"line":129,"column":12},"end":{"line":133,"column":15}},"85":{"start":{"line":134,"column":12},"end":{"line":134,"column":32}},"86":{"start":{"line":135,"column":12},"end":{"line":135,"column":18}},"87":{"start":{"line":138,"column":12},"end":{"line":138,"column":31}},"88":{"start":{"line":139,"column":12},"end":{"line":139,"column":49}},"89":{"start":{"line":140,"column":12},"end":{"line":143,"column":15}},"90":{"start":{"line":147,"column":12},"end":{"line":147,"column":36}},"91":{"start":{"line":153,"column":2},"end":{"line":155,"column":4}},"92":{"start":{"line":154,"column":4},"end":{"line":154,"column":40}},"93":{"start":{"line":158,"column":0},"end":{"line":158,"column":32}}},"fnMap":{"0":{"name":"_getRequireWildcardCache","decl":{"start":{"line":20,"column":9},"end":{"line":20,"column":33}},"loc":{"start":{"line":20,"column":47},"end":{"line":20,"column":335}},"line":20},"1":{"name":"_getRequireWildcardCache","decl":{"start":{"line":20,"column":218},"end":{"line":20,"column":242}},"loc":{"start":{"line":20,"column":256},"end":{"line":20,"column":318}},"line":20},"2":{"name":"_interopRequireWildcard","decl":{"start":{"line":22,"column":9},"end":{"line":22,"column":32}},"loc":{"start":{"line":22,"column":51},"end":{"line":22,"column":811}},"line":22},"3":{"name":"(anonymous_3)","decl":{"start":{"line":24,"column":27},"end":{"line":24,"column":28}},"loc":{"start":{"line":24,"column":39},"end":{"line":64,"column":1}},"line":24},"4":{"name":"_callee","decl":{"start":{"line":25,"column":100},"end":{"line":25,"column":107}},"loc":{"start":{"line":25,"column":118},"end":{"line":59,"column":3}},"line":25},"5":{"name":"_callee$","decl":{"start":{"line":27,"column":49},"end":{"line":27,"column":57}},"loc":{"start":{"line":27,"column":68},"end":{"line":58,"column":5}},"line":27},"6":{"name":"newUser","decl":{"start":{"line":61,"column":18},"end":{"line":61,"column":25}},"loc":{"start":{"line":61,"column":35},"end":{"line":63,"column":3}},"line":61},"7":{"name":"(anonymous_7)","decl":{"start":{"line":68,"column":25},"end":{"line":68,"column":26}},"loc":{"start":{"line":68,"column":37},"end":{"line":111,"column":1}},"line":68},"8":{"name":"_callee2","decl":{"start":{"line":69,"column":101},"end":{"line":69,"column":109}},"loc":{"start":{"line":69,"column":120},"end":{"line":106,"column":3}},"line":69},"9":{"name":"_callee2$","decl":{"start":{"line":72,"column":49},"end":{"line":72,"column":58}},"loc":{"start":{"line":72,"column":70},"end":{"line":105,"column":5}},"line":72},"10":{"name":"login","decl":{"start":{"line":108,"column":18},"end":{"line":108,"column":23}},"loc":{"start":{"line":108,"column":34},"end":{"line":110,"column":3}},"line":108},"11":{"name":"(anonymous_11)","decl":{"start":{"line":115,"column":30},"end":{"line":115,"column":31}},"loc":{"start":{"line":115,"column":42},"end":{"line":156,"column":1}},"line":115},"12":{"name":"_callee3","decl":{"start":{"line":116,"column":101},"end":{"line":116,"column":109}},"loc":{"start":{"line":116,"column":120},"end":{"line":151,"column":3}},"line":116},"13":{"name":"_callee3$","decl":{"start":{"line":118,"column":49},"end":{"line":118,"column":58}},"loc":{"start":{"line":118,"column":70},"end":{"line":150,"column":5}},"line":118},"14":{"name":"updateUser","decl":{"start":{"line":153,"column":18},"end":{"line":153,"column":28}},"loc":{"start":{"line":153,"column":39},"end":{"line":155,"column":3}},"line":153}},"branchMap":{"0":{"loc":{"start":{"line":20,"column":49},"end":{"line":20,"column":96}},"type":"if","locations":[{"start":{"line":20,"column":49},"end":{"line":20,"column":96}},{"start":{"line":20,"column":49},"end":{"line":20,"column":96}}],"line":20},"1":{"loc":{"start":{"line":20,"column":265},"end":{"line":20,"column":315}},"type":"cond-expr","locations":[{"start":{"line":20,"column":279},"end":{"line":20,"column":295}},{"start":{"line":20,"column":298},"end":{"line":20,"column":315}}],"line":20},"2":{"loc":{"start":{"line":22,"column":53},"end":{"line":22,"column":111}},"type":"if","locations":[{"start":{"line":22,"column":53},"end":{"line":22,"column":111}},{"start":{"line":22,"column":53},"end":{"line":22,"column":111}}],"line":22},"3":{"loc":{"start":{"line":22,"column":57},"end":{"line":22,"column":94}},"type":"binary-expr","locations":[{"start":{"line":22,"column":57},"end":{"line":22,"column":69}},{"start":{"line":22,"column":73},"end":{"line":22,"column":76}},{"start":{"line":22,"column":80},"end":{"line":22,"column":94}}],"line":22},"4":{"loc":{"start":{"line":22,"column":112},"end":{"line":22,"column":218}},"type":"if","locations":[{"start":{"line":22,"column":112},"end":{"line":22,"column":218}},{"start":{"line":22,"column":112},"end":{"line":22,"column":218}}],"line":22},"5":{"loc":{"start":{"line":22,"column":116},"end":{"line":22,"column":186}},"type":"binary-expr","locations":[{"start":{"line":22,"column":116},"end":{"line":22,"column":128}},{"start":{"line":22,"column":132},"end":{"line":22,"column":157}},{"start":{"line":22,"column":161},"end":{"line":22,"column":186}}],"line":22},"6":{"loc":{"start":{"line":22,"column":270},"end":{"line":22,"column":325}},"type":"if","locations":[{"start":{"line":22,"column":270},"end":{"line":22,"column":325}},{"start":{"line":22,"column":270},"end":{"line":22,"column":325}}],"line":22},"7":{"loc":{"start":{"line":22,"column":274},"end":{"line":22,"column":297}},"type":"binary-expr","locations":[{"start":{"line":22,"column":274},"end":{"line":22,"column":279}},{"start":{"line":22,"column":283},"end":{"line":22,"column":297}}],"line":22},"8":{"loc":{"start":{"line":22,"column":371},"end":{"line":22,"column":427}},"type":"binary-expr","locations":[{"start":{"line":22,"column":371},"end":{"line":22,"column":392}},{"start":{"line":22,"column":396},"end":{"line":22,"column":427}}],"line":22},"9":{"loc":{"start":{"line":22,"column":452},"end":{"line":22,"column":728}},"type":"if","locations":[{"start":{"line":22,"column":452},"end":{"line":22,"column":728}},{"start":{"line":22,"column":452},"end":{"line":22,"column":728}}],"line":22},"10":{"loc":{"start":{"line":22,"column":456},"end":{"line":22,"column":523}},"type":"binary-expr","locations":[{"start":{"line":22,"column":456},"end":{"line":22,"column":473}},{"start":{"line":22,"column":477},"end":{"line":22,"column":523}}],"line":22},"11":{"loc":{"start":{"line":22,"column":538},"end":{"line":22,"column":610}},"type":"cond-expr","locations":[{"start":{"line":22,"column":562},"end":{"line":22,"column":603}},{"start":{"line":22,"column":606},"end":{"line":22,"column":610}}],"line":22},"12":{"loc":{"start":{"line":22,"column":612},"end":{"line":22,"column":726}},"type":"if","locations":[{"start":{"line":22,"column":612},"end":{"line":22,"column":726}},{"start":{"line":22,"column":612},"end":{"line":22,"column":726}}],"line":22},"13":{"loc":{"start":{"line":22,"column":616},"end":{"line":22,"column":646}},"type":"binary-expr","locations":[{"start":{"line":22,"column":616},"end":{"line":22,"column":620}},{"start":{"line":22,"column":625},"end":{"line":22,"column":633}},{"start":{"line":22,"column":637},"end":{"line":22,"column":645}}],"line":22},"14":{"loc":{"start":{"line":22,"column":756},"end":{"line":22,"column":794}},"type":"if","locations":[{"start":{"line":22,"column":756},"end":{"line":22,"column":794}},{"start":{"line":22,"column":756},"end":{"line":22,"column":794}}],"line":22},"15":{"loc":{"start":{"line":29,"column":8},"end":{"line":56,"column":9}},"type":"switch","locations":[{"start":{"line":30,"column":10},"end":{"line":33,"column":49}},{"start":{"line":35,"column":10},"end":{"line":43,"column":18}},{"start":{"line":45,"column":10},"end":{"line":51,"column":15}},{"start":{"line":53,"column":10},"end":{"line":53,"column":18}},{"start":{"line":54,"column":10},"end":{"line":55,"column":35}}],"line":29},"16":{"loc":{"start":{"line":74,"column":8},"end":{"line":103,"column":9}},"type":"switch","locations":[{"start":{"line":75,"column":10},"end":{"line":78,"column":47}},{"start":{"line":80,"column":10},"end":{"line":90,"column":18}},{"start":{"line":92,"column":10},"end":{"line":98,"column":15}},{"start":{"line":100,"column":10},"end":{"line":100,"column":18}},{"start":{"line":101,"column":10},"end":{"line":102,"column":36}}],"line":74},"17":{"loc":{"start":{"line":120,"column":8},"end":{"line":148,"column":9}},"type":"switch","locations":[{"start":{"line":121,"column":10},"end":{"line":125,"column":60}},{"start":{"line":127,"column":10},"end":{"line":135,"column":18}},{"start":{"line":137,"column":10},"end":{"line":143,"column":15}},{"start":{"line":145,"column":10},"end":{"line":145,"column":18}},{"start":{"line":146,"column":10},"end":{"line":147,"column":36}}],"line":120}},"s":{"0":1,"1":1,"2":1,"3":1,"4":1,"5":1,"6":1,"7":1,"8":0,"9":0,"10":0,"11":0,"12":0,"13":0,"14":1,"15":1,"16":0,"17":0,"18":0,"19":0,"20":0,"21":0,"22":0,"23":0,"24":0,"25":0,"26":0,"27":0,"28":0,"29":0,"30":0,"31":0,"32":0,"33":1,"34":1,"35":2,"36":4,"37":5,"38":2,"39":2,"40":2,"41":1,"42":1,"43":1,"44":1,"45":1,"46":1,"47":1,"48":2,"49":1,"50":2,"51":1,"52":1,"53":1,"54":3,"55":6,"56":7,"57":3,"58":3,"59":3,"60":1,"61":1,"62":1,"63":1,"64":1,"65":1,"66":1,"67":2,"68":2,"69":2,"70":3,"71":1,"72":3,"73":1,"74":1,"75":1,"76":0,"77":0,"78":0,"79":0,"80":0,"81":0,"82":0,"83":0,"84":0,"85":0,"86":0,"87":0,"88":0,"89":0,"90":0,"91":1,"92":0,"93":1},"f":{"0":0,"1":0,"2":1,"3":1,"4":2,"5":4,"6":2,"7":1,"8":3,"9":6,"10":3,"11":1,"12":0,"13":0,"14":0},"b":{"0":[0,0],"1":[0,0],"2":[1,0],"3":[1,1,1],"4":[0,0],"5":[0,0,0],"6":[0,0],"7":[0,0],"8":[0,0],"9":[0,0],"10":[0,0],"11":[0,0],"12":[0,0],"13":[0,0,0],"14":[0,0],"15":[2,1,1,2,2],"16":[3,1,2,3,3],"17":[0,0,0,0,0]},"inputSourceMap":{"version":3,"names":["newUser","req","res","UserService","body","data","status","HttpStatus","CREATED","json","code","message","CONFLICT","login","user","accessToken","set","OK","updateUser","userId","params","_id"],"sourceRoot":"D:\\projects\\blogging-app-backend\\blog-app\\src\\controllers\\","sources":["user.controller.js"],"sourcesContent":["import HttpStatus from 'http-status-codes';\r\nimport * as UserService from '../services/user.service';\r\n\r\nexport const newUser = async (req, res) => {\r\n  try {\r\n    const data = await UserService.newUser(req.body);\r\n    res.status(HttpStatus.CREATED).json({\r\n      code: HttpStatus.CREATED,\r\n      data: data,\r\n      message: 'User created successfully'\r\n    });\r\n  } catch (error) {\r\n    res.status(HttpStatus.CONFLICT).json({\r\n      code: HttpStatus.CONFLICT,\r\n      message: `${error}`\r\n    });\r\n  }\r\n};\r\n\r\nexport const login = async (req, res) => {\r\n  try {\r\n    const { user, accessToken } = await UserService.login(req.body)\r\n    res.set('Authorization', 'Bearer ' + accessToken)\r\n    res.status(HttpStatus.OK).json({\r\n      data: user,\r\n      message: \"Login Successfull\"\r\n    })\r\n  } catch (error) {\r\n    res.status(HttpStatus.CONFLICT).json({\r\n      code: HttpStatus.CONFLICT,\r\n      message: `${error}`\r\n    });\r\n  }\r\n}\r\n\r\nexport const updateUser = async (req, res) => {\r\n  try {\r\n    const userId = req.params._id;\r\n    const data = await UserService.updateUser(req.body, userId);\r\n    res.status(HttpStatus.OK).json({\r\n      code: HttpStatus.OK,\r\n      data: data,\r\n      message: 'User profile updated successfully'\r\n    });\r\n  } catch (error) {\r\n    res.status(HttpStatus.CONFLICT).json({\r\n      code: HttpStatus.CONFLICT,\r\n      message: `${error}`\r\n    });\r\n  }\r\n};"],"mappings":";;;;;;;;;;;;;;;AAAA;;AACA;;;;;;AAEO,IAAMA,OAAO;EAAA,yFAAG,iBAAOC,GAAP,EAAYC,GAAZ;IAAA;IAAA;MAAA;QAAA;UAAA;YAAA;YAAA;YAAA,OAEAC,WAAW,CAACH,OAAZ,CAAoBC,GAAG,CAACG,IAAxB,CAFA;;UAAA;YAEbC,IAFa;YAGnBH,GAAG,CAACI,MAAJ,CAAWC,2BAAA,CAAWC,OAAtB,EAA+BC,IAA/B,CAAoC;cAClCC,IAAI,EAAEH,2BAAA,CAAWC,OADiB;cAElCH,IAAI,EAAEA,IAF4B;cAGlCM,OAAO,EAAE;YAHyB,CAApC;YAHmB;YAAA;;UAAA;YAAA;YAAA;YASnBT,GAAG,CAACI,MAAJ,CAAWC,2BAAA,CAAWK,QAAtB,EAAgCH,IAAhC,CAAqC;cACnCC,IAAI,EAAEH,2BAAA,CAAWK,QADkB;cAEnCD,OAAO;YAF4B,CAArC;;UATmB;UAAA;YAAA;QAAA;MAAA;IAAA;EAAA,CAAH;;EAAA,gBAAPX,OAAO;IAAA;EAAA;AAAA,GAAb;;;;AAgBA,IAAMa,KAAK;EAAA,0FAAG,kBAAOZ,GAAP,EAAYC,GAAZ;IAAA;;IAAA;MAAA;QAAA;UAAA;YAAA;YAAA;YAAA,OAEmBC,WAAW,CAACU,KAAZ,CAAkBZ,GAAG,CAACG,IAAtB,CAFnB;;UAAA;YAAA;YAETU,IAFS,yBAETA,IAFS;YAEHC,WAFG,yBAEHA,WAFG;YAGjBb,GAAG,CAACc,GAAJ,CAAQ,eAAR,EAAyB,YAAYD,WAArC;YACAb,GAAG,CAACI,MAAJ,CAAWC,2BAAA,CAAWU,EAAtB,EAA0BR,IAA1B,CAA+B;cAC7BJ,IAAI,EAAES,IADuB;cAE7BH,OAAO,EAAE;YAFoB,CAA/B;YAJiB;YAAA;;UAAA;YAAA;YAAA;YASjBT,GAAG,CAACI,MAAJ,CAAWC,2BAAA,CAAWK,QAAtB,EAAgCH,IAAhC,CAAqC;cACnCC,IAAI,EAAEH,2BAAA,CAAWK,QADkB;cAEnCD,OAAO;YAF4B,CAArC;;UATiB;UAAA;YAAA;QAAA;MAAA;IAAA;EAAA,CAAH;;EAAA,gBAALE,KAAK;IAAA;EAAA;AAAA,GAAX;;;;AAgBA,IAAMK,UAAU;EAAA,0FAAG,kBAAOjB,GAAP,EAAYC,GAAZ;IAAA;IAAA;MAAA;QAAA;UAAA;YAAA;YAEhBiB,MAFgB,GAEPlB,GAAG,CAACmB,MAAJ,CAAWC,GAFJ;YAAA;YAAA,OAGHlB,WAAW,CAACe,UAAZ,CAAuBjB,GAAG,CAACG,IAA3B,EAAiCe,MAAjC,CAHG;;UAAA;YAGhBd,IAHgB;YAItBH,GAAG,CAACI,MAAJ,CAAWC,2BAAA,CAAWU,EAAtB,EAA0BR,IAA1B,CAA+B;cAC7BC,IAAI,EAAEH,2BAAA,CAAWU,EADY;cAE7BZ,IAAI,EAAEA,IAFuB;cAG7BM,OAAO,EAAE;YAHoB,CAA/B;YAJsB;YAAA;;UAAA;YAAA;YAAA;YAUtBT,GAAG,CAACI,MAAJ,CAAWC,2BAAA,CAAWK,QAAtB,EAAgCH,IAAhC,CAAqC;cACnCC,IAAI,EAAEH,2BAAA,CAAWK,QADkB;cAEnCD,OAAO;YAF4B,CAArC;;UAVsB;UAAA;YAAA;QAAA;MAAA;IAAA;EAAA,CAAH;;EAAA,gBAAVO,UAAU;IAAA;EAAA;AAAA,GAAhB"},"_coverageSchema":"1a1c01bbd47fc00a2c39e90264f33305004495a9","hash":"0f134f6247718bb30c286a5eecd32046e7667d1e","contentHash":"38af6cbc4a522124906af3c804de9b8737b8d90ea9a1f7d4ae331f161fd63ae2"},"D:\\projects\\blogging-app-backend\\blog-app\\src\\services\\user.service.js":{"path":"D:\\projects\\blogging-app-backend\\blog-app\\src\\services\\user.service.js","statementMap":{"0":{"start":{"line":3,"column":29},"end":{"line":3,"column":84}},"1":{"start":{"line":5,"column":0},"end":{"line":7,"column":3}},"2":{"start":{"line":8,"column":0},"end":{"line":8,"column":83}},"3":{"start":{"line":10,"column":19},"end":{"line":10,"column":80}},"4":{"start":{"line":12,"column":25},"end":{"line":12,"column":99}},"5":{"start":{"line":14,"column":14},"end":{"line":14,"column":55}},"6":{"start":{"line":16,"column":12},"end":{"line":16,"column":67}},"7":{"start":{"line":18,"column":20},"end":{"line":18,"column":67}},"8":{"start":{"line":20,"column":15},"end":{"line":20,"column":33}},"9":{"start":{"line":22,"column":17},"end":{"line":24,"column":1}},"10":{"start":{"line":23,"column":2},"end":{"line":23,"column":54}},"11":{"start":{"line":26,"column":0},"end":{"line":26,"column":32}},"12":{"start":{"line":28,"column":27},"end":{"line":76,"column":3}},"13":{"start":{"line":29,"column":13},"end":{"line":71,"column":5}},"14":{"start":{"line":31,"column":4},"end":{"line":70,"column":16}},"15":{"start":{"line":32,"column":6},"end":{"line":69,"column":7}},"16":{"start":{"line":33,"column":8},"end":{"line":68,"column":9}},"17":{"start":{"line":35,"column":12},"end":{"line":35,"column":125}},"18":{"start":{"line":36,"column":12},"end":{"line":36,"column":30}},"19":{"start":{"line":37,"column":12},"end":{"line":39,"column":15}},"20":{"start":{"line":42,"column":12},"end":{"line":42,"column":33}},"21":{"start":{"line":44,"column":12},"end":{"line":47,"column":13}},"22":{"start":{"line":45,"column":14},"end":{"line":45,"column":32}},"23":{"start":{"line":46,"column":14},"end":{"line":46,"column":20}},"24":{"start":{"line":49,"column":12},"end":{"line":49,"column":50}},"25":{"start":{"line":52,"column":12},"end":{"line":52,"column":31}},"26":{"start":{"line":53,"column":12},"end":{"line":53,"column":50}},"27":{"start":{"line":56,"column":12},"end":{"line":56,"column":33}},"28":{"start":{"line":57,"column":12},"end":{"line":57,"column":31}},"29":{"start":{"line":58,"column":12},"end":{"line":58,"column":59}},"30":{"start":{"line":61,"column":12},"end":{"line":61,"column":41}},"31":{"start":{"line":62,"column":12},"end":{"line":62,"column":90}},"32":{"start":{"line":63,"column":12},"end":{"line":63,"column":79}},"33":{"start":{"line":67,"column":12},"end":{"line":67,"column":35}},"34":{"start":{"line":73,"column":2},"end":{"line":75,"column":4}},"35":{"start":{"line":74,"column":4},"end":{"line":74,"column":39}},"36":{"start":{"line":78,"column":0},"end":{"line":78,"column":26}},"37":{"start":{"line":80,"column":25},"end":{"line":139,"column":3}},"38":{"start":{"line":81,"column":14},"end":{"line":134,"column":5}},"39":{"start":{"line":83,"column":4},"end":{"line":133,"column":17}},"40":{"start":{"line":84,"column":6},"end":{"line":132,"column":7}},"41":{"start":{"line":85,"column":8},"end":{"line":131,"column":9}},"42":{"start":{"line":87,"column":12},"end":{"line":87,"column":57}},"43":{"start":{"line":88,"column":12},"end":{"line":88,"column":31}},"44":{"start":{"line":89,"column":12},"end":{"line":91,"column":15}},"45":{"start":{"line":94,"column":12},"end":{"line":94,"column":34}},"46":{"start":{"line":96,"column":12},"end":{"line":99,"column":13}},"47":{"start":{"line":97,"column":14},"end":{"line":97,"column":33}},"48":{"start":{"line":98,"column":14},"end":{"line":98,"column":20}},"49":{"start":{"line":101,"column":12},"end":{"line":101,"column":67}},"50":{"start":{"line":104,"column":12},"end":{"line":104,"column":32}},"51":{"start":{"line":105,"column":12},"end":{"line":105,"column":71}},"52":{"start":{"line":108,"column":12},"end":{"line":108,"column":43}},"53":{"start":{"line":110,"column":12},"end":{"line":113,"column":13}},"54":{"start":{"line":111,"column":14},"end":{"line":111,"column":34}},"55":{"start":{"line":112,"column":14},"end":{"line":112,"column":20}},"56":{"start":{"line":115,"column":12},"end":{"line":119,"column":46}},"57":{"start":{"line":120,"column":12},"end":{"line":123,"column":15}},"58":{"start":{"line":126,"column":12},"end":{"line":126,"column":52}},"59":{"start":{"line":130,"column":12},"end":{"line":130,"column":36}},"60":{"start":{"line":136,"column":2},"end":{"line":138,"column":4}},"61":{"start":{"line":137,"column":4},"end":{"line":137,"column":40}},"62":{"start":{"line":141,"column":0},"end":{"line":141,"column":22}},"63":{"start":{"line":143,"column":30},"end":{"line":175,"column":3}},"64":{"start":{"line":144,"column":14},"end":{"line":170,"column":5}},"65":{"start":{"line":146,"column":4},"end":{"line":169,"column":17}},"66":{"start":{"line":147,"column":6},"end":{"line":168,"column":7}},"67":{"start":{"line":148,"column":8},"end":{"line":167,"column":9}},"68":{"start":{"line":150,"column":12},"end":{"line":150,"column":53}},"69":{"start":{"line":151,"column":12},"end":{"line":161,"column":15}},"70":{"start":{"line":162,"column":12},"end":{"line":162,"column":52}},"71":{"start":{"line":166,"column":12},"end":{"line":166,"column":36}},"72":{"start":{"line":172,"column":2},"end":{"line":174,"column":4}},"73":{"start":{"line":173,"column":4},"end":{"line":173,"column":40}},"74":{"start":{"line":177,"column":0},"end":{"line":177,"column":32}}},"fnMap":{"0":{"name":"collection","decl":{"start":{"line":22,"column":26},"end":{"line":22,"column":36}},"loc":{"start":{"line":22,"column":39},"end":{"line":24,"column":1}},"line":22},"1":{"name":"(anonymous_1)","decl":{"start":{"line":28,"column":27},"end":{"line":28,"column":28}},"loc":{"start":{"line":28,"column":39},"end":{"line":76,"column":1}},"line":28},"2":{"name":"_callee","decl":{"start":{"line":29,"column":100},"end":{"line":29,"column":107}},"loc":{"start":{"line":29,"column":114},"end":{"line":71,"column":3}},"line":29},"3":{"name":"_callee$","decl":{"start":{"line":31,"column":49},"end":{"line":31,"column":57}},"loc":{"start":{"line":31,"column":68},"end":{"line":70,"column":5}},"line":31},"4":{"name":"newUser","decl":{"start":{"line":73,"column":18},"end":{"line":73,"column":25}},"loc":{"start":{"line":73,"column":30},"end":{"line":75,"column":3}},"line":73},"5":{"name":"(anonymous_5)","decl":{"start":{"line":80,"column":25},"end":{"line":80,"column":26}},"loc":{"start":{"line":80,"column":37},"end":{"line":139,"column":1}},"line":80},"6":{"name":"_callee2","decl":{"start":{"line":81,"column":101},"end":{"line":81,"column":109}},"loc":{"start":{"line":81,"column":116},"end":{"line":134,"column":3}},"line":81},"7":{"name":"_callee2$","decl":{"start":{"line":83,"column":49},"end":{"line":83,"column":58}},"loc":{"start":{"line":83,"column":70},"end":{"line":133,"column":5}},"line":83},"8":{"name":"login","decl":{"start":{"line":136,"column":18},"end":{"line":136,"column":23}},"loc":{"start":{"line":136,"column":29},"end":{"line":138,"column":3}},"line":136},"9":{"name":"(anonymous_9)","decl":{"start":{"line":143,"column":30},"end":{"line":143,"column":31}},"loc":{"start":{"line":143,"column":42},"end":{"line":175,"column":1}},"line":143},"10":{"name":"_callee3","decl":{"start":{"line":144,"column":101},"end":{"line":144,"column":109}},"loc":{"start":{"line":144,"column":124},"end":{"line":170,"column":3}},"line":144},"11":{"name":"_callee3$","decl":{"start":{"line":146,"column":49},"end":{"line":146,"column":58}},"loc":{"start":{"line":146,"column":70},"end":{"line":169,"column":5}},"line":146},"12":{"name":"updateUser","decl":{"start":{"line":172,"column":18},"end":{"line":172,"column":28}},"loc":{"start":{"line":172,"column":39},"end":{"line":174,"column":3}},"line":172}},"branchMap":{"0":{"loc":{"start":{"line":33,"column":8},"end":{"line":68,"column":9}},"type":"switch","locations":[{"start":{"line":34,"column":10},"end":{"line":39,"column":15}},{"start":{"line":41,"column":10},"end":{"line":49,"column":50}},{"start":{"line":51,"column":10},"end":{"line":53,"column":50}},{"start":{"line":55,"column":10},"end":{"line":58,"column":59}},{"start":{"line":60,"column":10},"end":{"line":63,"column":79}},{"start":{"line":65,"column":10},"end":{"line":65,"column":18}},{"start":{"line":66,"column":10},"end":{"line":67,"column":35}}],"line":33},"1":{"loc":{"start":{"line":44,"column":12},"end":{"line":47,"column":13}},"type":"if","locations":[{"start":{"line":44,"column":12},"end":{"line":47,"column":13}},{"start":{"line":44,"column":12},"end":{"line":47,"column":13}}],"line":44},"2":{"loc":{"start":{"line":85,"column":8},"end":{"line":131,"column":9}},"type":"switch","locations":[{"start":{"line":86,"column":10},"end":{"line":91,"column":15}},{"start":{"line":93,"column":10},"end":{"line":101,"column":67}},{"start":{"line":103,"column":10},"end":{"line":105,"column":71}},{"start":{"line":107,"column":10},"end":{"line":123,"column":15}},{"start":{"line":125,"column":10},"end":{"line":126,"column":52}},{"start":{"line":128,"column":10},"end":{"line":128,"column":18}},{"start":{"line":129,"column":10},"end":{"line":130,"column":36}}],"line":85},"3":{"loc":{"start":{"line":96,"column":12},"end":{"line":99,"column":13}},"type":"if","locations":[{"start":{"line":96,"column":12},"end":{"line":99,"column":13}},{"start":{"line":96,"column":12},"end":{"line":99,"column":13}}],"line":96},"4":{"loc":{"start":{"line":110,"column":12},"end":{"line":113,"column":13}},"type":"if","locations":[{"start":{"line":110,"column":12},"end":{"line":113,"column":13}},{"start":{"line":110,"column":12},"end":{"line":113,"column":13}}],"line":110},"5":{"loc":{"start":{"line":148,"column":8},"end":{"line":167,"column":9}},"type":"switch","locations":[{"start":{"line":149,"column":10},"end":{"line":162,"column":52}},{"start":{"line":164,"column":10},"end":{"line":164,"column":17}},{"start":{"line":165,"column":10},"end":{"line":166,"column":36}}],"line":148}},"s":{"0":1,"1":1,"2":1,"3":1,"4":1,"5":1,"6":1,"7":1,"8":1,"9":1,"10":9,"11":1,"12":1,"13":1,"14":3,"15":13,"16":15,"17":3,"18":3,"19":3,"20":3,"21":3,"22":2,"23":2,"24":1,"25":2,"26":2,"27":2,"28":2,"29":2,"30":2,"31":2,"32":2,"33":3,"34":1,"35":3,"36":1,"37":1,"38":1,"39":4,"40":15,"41":19,"42":4,"43":4,"44":4,"45":4,"46":4,"47":3,"48":3,"49":1,"50":3,"51":3,"52":3,"53":3,"54":1,"55":1,"56":2,"57":2,"58":1,"59":4,"60":1,"61":4,"62":1,"63":1,"64":1,"65":0,"66":0,"67":0,"68":0,"69":0,"70":0,"71":0,"72":1,"73":0,"74":1},"f":{"0":9,"1":1,"2":3,"3":13,"4":3,"5":1,"6":4,"7":15,"8":4,"9":1,"10":0,"11":0,"12":0},"b":{"0":[3,3,2,2,2,0,3],"1":[2,1],"2":[4,4,3,3,1,0,4],"3":[3,1],"4":[1,2],"5":[0,0,0]},"inputSourceMap":{"version":3,"names":["collection","require","userCollection","newUser","body","fullName","userName","email","password","bio","findOne","data","Error","bcrypt","genSalt","salt","hash","hashPassword","userData","User","insertOne","login","compare","validPassword","accessToken","jwt","sign","id","_id","process","env","ACCESS_SECRET_KEY","updateUser","userID","findOneAndUpdate","ObjectId","$set","upsert","returnNewDocument"],"sourceRoot":"D:\\projects\\blogging-app-backend\\blog-app\\src\\services\\","sources":["user.service.js"],"sourcesContent":["import bcrypt from \"bcrypt\";\r\nimport User from \"../models/user.class\";\r\nimport jwt from \"jsonwebtoken\";\r\nimport { ObjectId } from \"mongodb\";\r\n\r\nexport const collection = () => {\r\n  return require('../config/database').userCollection;\r\n}\r\n\r\nexport const newUser = async (body) => {\r\n  const { fullName, userName, email, password, bio } = body\r\n  const data = await collection().findOne({ email: email });\r\n  if (data != null) {\r\n    throw new Error('User Already Exist')\r\n  }\r\n  else {\r\n    const salt = await bcrypt.genSalt(10);\r\n    const hashPassword = await bcrypt.hash(password, salt);\r\n    const userData = new User(fullName, userName, email, hashPassword, bio)\r\n    return collection().insertOne(userData);\r\n  }\r\n}\r\n\r\nexport const login = async (body) => {\r\n  const { email, password } = body\r\n  const data = await collection().findOne({ email: email });\r\n  if (data == null) {\r\n    throw new Error('User does not exist with this email')\r\n  }\r\n  else {\r\n    const validPassword = await bcrypt.compare(password, data.password);\r\n    if (validPassword) {\r\n\r\n      let accessToken = jwt.sign({ email: data.email, id: data._id, userName: data.userName }, process.env.ACCESS_SECRET_KEY);\r\n\r\n      return { data, accessToken };\r\n    } else {\r\n      throw new Error(\"Not a Valid Password\");\r\n    }\r\n  }\r\n}\r\n\r\nexport const updateUser = async (body, userID) => {\r\n  const { userName, bio } = body\r\n  const data = collection().findOneAndUpdate({ _id: ObjectId(`${userID}`) },\r\n    {\r\n      $set: {\r\n        userName: userName,\r\n        bio: bio,\r\n      },\r\n    },\r\n    {\r\n      upsert: true,\r\n      returnNewDocument: true,\r\n    }\r\n  )\r\n  return data;\r\n}\r\n\r\n"],"mappings":";;;;;;;;;;;;;AAAA;;AACA;;AACA;;AACA;;AAEO,IAAMA,UAAU,GAAG,SAAbA,UAAa,GAAM;EAC9B,OAAOC,OAAO,CAAC,oBAAD,CAAP,CAA8BC,cAArC;AACD,CAFM;;;;AAIA,IAAMC,OAAO;EAAA,yFAAG,iBAAOC,IAAP;IAAA;IAAA;MAAA;QAAA;UAAA;YACbC,QADa,GACgCD,IADhC,CACbC,QADa,EACHC,QADG,GACgCF,IADhC,CACHE,QADG,EACOC,KADP,GACgCH,IADhC,CACOG,KADP,EACcC,QADd,GACgCJ,IADhC,CACcI,QADd,EACwBC,GADxB,GACgCL,IADhC,CACwBK,GADxB;YAAA;YAAA,OAEFT,UAAU,GAAGU,OAAb,CAAqB;cAAEH,KAAK,EAAEA;YAAT,CAArB,CAFE;;UAAA;YAEfI,IAFe;;YAAA,MAGjBA,IAAI,IAAI,IAHS;cAAA;cAAA;YAAA;;YAAA,MAIb,IAAIC,KAAJ,CAAU,oBAAV,CAJa;;UAAA;YAAA;YAAA,OAOAC,kBAAA,CAAOC,OAAP,CAAe,EAAf,CAPA;;UAAA;YAObC,IAPa;YAAA;YAAA,OAQQF,kBAAA,CAAOG,IAAP,CAAYR,QAAZ,EAAsBO,IAAtB,CARR;;UAAA;YAQbE,YARa;YASbC,QATa,GASF,IAAIC,gBAAJ,CAASd,QAAT,EAAmBC,QAAnB,EAA6BC,KAA7B,EAAoCU,YAApC,EAAkDR,GAAlD,CATE;YAAA,iCAUZT,UAAU,GAAGoB,SAAb,CAAuBF,QAAvB,CAVY;;UAAA;UAAA;YAAA;QAAA;MAAA;IAAA;EAAA,CAAH;;EAAA,gBAAPf,OAAO;IAAA;EAAA;AAAA,GAAb;;;;AAcA,IAAMkB,KAAK;EAAA,0FAAG,kBAAOjB,IAAP;IAAA;IAAA;MAAA;QAAA;UAAA;YACXG,KADW,GACSH,IADT,CACXG,KADW,EACJC,QADI,GACSJ,IADT,CACJI,QADI;YAAA;YAAA,OAEAR,UAAU,GAAGU,OAAb,CAAqB;cAAEH,KAAK,EAAEA;YAAT,CAArB,CAFA;;UAAA;YAEbI,IAFa;;YAAA,MAGfA,IAAI,IAAI,IAHO;cAAA;cAAA;YAAA;;YAAA,MAIX,IAAIC,KAAJ,CAAU,qCAAV,CAJW;;UAAA;YAAA;YAAA,OAOWC,kBAAA,CAAOS,OAAP,CAAed,QAAf,EAAyBG,IAAI,CAACH,QAA9B,CAPX;;UAAA;YAOXe,aAPW;;YAAA,KAQbA,aARa;cAAA;cAAA;YAAA;;YAUXC,WAVW,GAUGC,wBAAA,CAAIC,IAAJ,CAAS;cAAEnB,KAAK,EAAEI,IAAI,CAACJ,KAAd;cAAqBoB,EAAE,EAAEhB,IAAI,CAACiB,GAA9B;cAAmCtB,QAAQ,EAAEK,IAAI,CAACL;YAAlD,CAAT,EAAuEuB,OAAO,CAACC,GAAR,CAAYC,iBAAnF,CAVH;YAAA,kCAYR;cAAEpB,IAAI,EAAJA,IAAF;cAAQa,WAAW,EAAXA;YAAR,CAZQ;;UAAA;YAAA,MAcT,IAAIZ,KAAJ,CAAU,sBAAV,CAdS;;UAAA;UAAA;YAAA;QAAA;MAAA;IAAA;EAAA,CAAH;;EAAA,gBAALS,KAAK;IAAA;EAAA;AAAA,GAAX;;;;AAmBA,IAAMW,UAAU;EAAA,0FAAG,kBAAO5B,IAAP,EAAa6B,MAAb;IAAA;IAAA;MAAA;QAAA;UAAA;YAChB3B,QADgB,GACEF,IADF,CAChBE,QADgB,EACNG,GADM,GACEL,IADF,CACNK,GADM;YAElBE,IAFkB,GAEXX,UAAU,GAAGkC,gBAAb,CAA8B;cAAEN,GAAG,EAAE,IAAAO,iBAAA,YAAYF,MAAZ;YAAP,CAA9B,EACX;cACEG,IAAI,EAAE;gBACJ9B,QAAQ,EAAEA,QADN;gBAEJG,GAAG,EAAEA;cAFD;YADR,CADW,EAOX;cACE4B,MAAM,EAAE,IADV;cAEEC,iBAAiB,EAAE;YAFrB,CAPW,CAFW;YAAA,kCAcjB3B,IAdiB;;UAAA;UAAA;YAAA;QAAA;MAAA;IAAA;EAAA,CAAH;;EAAA,gBAAVqB,UAAU;IAAA;EAAA;AAAA,GAAhB"},"_coverageSchema":"1a1c01bbd47fc00a2c39e90264f33305004495a9","hash":"41395c9980bc05f406323550ee72afefd369c1ea","contentHash":"a121a819c45b55581c58ee868fb8ba74b10c1f1f9fc4ffeacb96a8f7692186d8"},"D:\\projects\\blogging-app-backend\\blog-app\\src\\models\\user.class.js":{"path":"D:\\projects\\blogging-app-backend\\blog-app\\src\\models\\user.class.js","statementMap":{"0":{"start":{"line":3,"column":29},"end":{"line":3,"column":84}},"1":{"start":{"line":5,"column":0},"end":{"line":7,"column":3}},"2":{"start":{"line":8,"column":0},"end":{"line":8,"column":28}},"3":{"start":{"line":10,"column":20},"end":{"line":10,"column":89}},"4":{"start":{"line":12,"column":23},"end":{"line":12,"column":95}},"5":{"start":{"line":14,"column":24},"end":{"line":21,"column":2}},"6":{"start":{"line":15,"column":2},"end":{"line":15,"column":47}},"7":{"start":{"line":16,"column":2},"end":{"line":16,"column":27}},"8":{"start":{"line":17,"column":2},"end":{"line":17,"column":27}},"9":{"start":{"line":18,"column":2},"end":{"line":18,"column":21}},"10":{"start":{"line":19,"column":2},"end":{"line":19,"column":27}},"11":{"start":{"line":20,"column":2},"end":{"line":20,"column":17}},"12":{"start":{"line":22,"column":15},"end":{"line":22,"column":19}},"13":{"start":{"line":23,"column":0},"end":{"line":23,"column":30}}},"fnMap":{"0":{"name":"User","decl":{"start":{"line":14,"column":63},"end":{"line":14,"column":67}},"loc":{"start":{"line":14,"column":110},"end":{"line":21,"column":1}},"line":14}},"branchMap":{},"s":{"0":1,"1":1,"2":1,"3":1,"4":1,"5":1,"6":2,"7":2,"8":2,"9":2,"10":2,"11":2,"12":1,"13":1},"f":{"0":2},"b":{},"inputSourceMap":{"version":3,"names":["User","fullName","userName","email","password","bio"],"sourceRoot":"D:\\projects\\blogging-app-backend\\blog-app\\src\\models\\","sources":["user.class.js"],"sourcesContent":["class User {    \r\n      constructor(fullName, userName, email, password, bio){\r\n        this.fullName = fullName\r\n        this.userName = userName;\r\n        this.email = email;\r\n        this.password = password;\r\n        this.bio = bio\r\n    }\r\n           \r\n}\r\nexport default User"],"mappings":";;;;;;;;;;;;;IAAMA,I,8CACA,cAAYC,QAAZ,EAAsBC,QAAtB,EAAgCC,KAAhC,EAAuCC,QAAvC,EAAiDC,GAAjD,EAAqD;EAAA;EACnD,KAAKJ,QAAL,GAAgBA,QAAhB;EACA,KAAKC,QAAL,GAAgBA,QAAhB;EACA,KAAKC,KAAL,GAAaA,KAAb;EACA,KAAKC,QAAL,GAAgBA,QAAhB;EACA,KAAKC,GAAL,GAAWA,GAAX;AACH,C;eAGUL,I"},"_coverageSchema":"1a1c01bbd47fc00a2c39e90264f33305004495a9","hash":"da32b95cb6af8215e09076e4668e75b052d34403","contentHash":"03693ca032100f2abcc731fedae1a3f1f8e3d982a11e53571b1d4d35640f3d31"},"D:\\projects\\blogging-app-backend\\blog-app\\src\\middlewares\\auth.middleware.js":{"path":"D:\\projects\\blogging-app-backend\\blog-app\\src\\middlewares\\auth.middleware.js","statementMap":{"0":{"start":{"line":3,"column":29},"end":{"line":3,"column":84}},"1":{"start":{"line":5,"column":0},"end":{"line":7,"column":3}},"2":{"start":{"line":8,"column":0},"end":{"line":8,"column":41}},"3":{"start":{"line":10,"column":19},"end":{"line":10,"column":80}},"4":{"start":{"line":12,"column":25},"end":{"line":12,"column":99}},"5":{"start":{"line":14,"column":23},"end":{"line":14,"column":75}},"6":{"start":{"line":16,"column":20},"end":{"line":16,"column":67}},"7":{"start":{"line":18,"column":24},"e
[...]
ne":80,"column":17}},{"start":{"line":81,"column":10},"end":{"line":82,"column":36}}],"line":73},"3":{"loc":{"start":{"line":100,"column":8},"end":{"line":129,"column":9}},"type":"switch","locations":[{"start":{"line":101,"column":10},"end":{"line":106,"column":15}},{"start":{"line":108,"column":10},"end":{"line":111,"column":36}},{"start":{"line":113,"column":10},"end":{"line":121,"column":53}},{"start":{"line":123,"column":10},"end":{"line":124,"column":53}},{"start":{"line":126,"column":10},"end":{"line":126,"column":18}},{"start":{"line":127,"column":10},"end":{"line":128,"column":36}}],"line":100},"4":{"loc":{"start":{"line":116,"column":12},"end":{"line":119,"column":13}},"type":"if","locations":[{"start":{"line":116,"column":12},"end":{"line":119,"column":13}},{"start":{"line":116,"column":12},"end":{"line":119,"column":13}}],"line":116},"5":{"loc":{"start":{"line":146,"column":8},"end":{"line":167,"column":9}},"type":"switch","locations":[{"start":{"line":147,"column":10},"end":{"line":162,"column":16}},{"start":{"line":164,"column":10},"end":{"line":164,"column":17}},{"start":{"line":165,"column":10},"end":{"line":166,"column":36}}],"line":146},"6":{"loc":{"start":{"line":184,"column":8},"end":{"line":202,"column":9}},"type":"switch","locations":[{"start":{"line":185,"column":10},"end":{"line":197,"column":16}},{"start":{"line":199,"column":10},"end":{"line":199,"column":17}},{"start":{"line":200,"column":10},"end":{"line":201,"column":36}}],"line":184},"7":{"loc":{"start":{"line":218,"column":8},"end":{"line":227,"column":9}},"type":"switch","locations":[{"start":{"line":219,"column":10},"end":{"line":222,"column":16}},{"start":{"line":224,"column":10},"end":{"line":224,"column":17}},{"start":{"line":225,"column":10},"end":{"line":226,"column":36}}],"line":218}},"s":{"0":1,"1":1,"2":1,"3":1,"4":1,"5":1,"6":1,"7":1,"8":0,"9":1,"10":1,"11":1,"12":0,"13":0,"14":0,"15":0,"16":0,"17":0,"18":0,"19":0,"20":0,"21":0,"22":0,"23":0,"24":0,"25":0,"26":0,"27":0,"28":1,"29":0,"30":1,"31":1,"32":1,"33":0,"34":0,"35":0,"36":0,"37":0,"38":0,"39":0,"40":0,"41":1,"42":0,"43":1,"44":1,"45":1,"46":0,"47":0,"48":0,"49":0,"50":0,"51":0,"52":0,"53":0,"54":0,"55":0,"56":0,"57":0,"58":0,"59":0,"60":0,"61":0,"62":1,"63":0,"64":1,"65":1,"66":1,"67":0,"68":0,"69":0,"70":0,"71":0,"72":0,"73":0,"74":1,"75":0,"76":1,"77":1,"78":1,"79":0,"80":0,"81":0,"82":0,"83":0,"84":0,"85":1,"86":0,"87":1,"88":1,"89":1,"90":0,"91":0,"92":0,"93":0,"94":0,"95":1,"96":0,"97":1},"f":{"0":0,"1":1,"2":0,"3":0,"4":0,"5":1,"6":0,"7":0,"8":0,"9":1,"10":0,"11":0,"12":0,"13":1,"14":0,"15":0,"16":0,"17":1,"18":0,"19":0,"20":0,"21":1,"22":0,"23":0,"24":0},"b":{"0":[0,0,0,0,0,0],"1":[0,0],"2":[0,0,0],"3":[0,0,0,0,0,0],"4":[0,0],"5":[0,0,0],"6":[0,0,0],"7":[0,0,0]},"inputSourceMap":{"version":3,"names":["collection","require","blogCollection","getAllBlogs","blogs","find","cursor","toArray","Error","postBlog","body","imageName","userId","userName","title","description","category","image","process","env","APP_HOST","APP_PORT","blogData","Blog","insertOne","getMyBlogs","userID","editBlogWithImage","blogId","findOneAndUpdate","_id","ObjectId","$set","upsert","returnNewDocument","editBlog","deleteBlog","findOneAndDelete"],"sourceRoot":"D:\\projects\\blogging-app-backend\\blog-app\\src\\services\\","sources":["blog.service.js"],"sourcesContent":["import { ObjectId } from \"mongodb\";\r\nimport Blog from \"../models/blog.class\";\r\n\r\n\r\nexport const collection = () => {\r\n  return require('../config/database').blogCollection;\r\n}\r\n\r\nexport const getAllBlogs = async () => {\r\n  let blogs = []\r\n  const cursor = await collection().find();\r\n  blogs = await cursor.toArray();\r\n  if (blogs === []) {\r\n    throw new Error('No blog posted so far')\r\n  }\r\n  else {\r\n    return blogs;\r\n  }\r\n};\r\n\r\nexport const postBlog = async (body, imageName) => {\r\n  const { userId, userName, title, description, category } = body\r\n  const image = `${process.env.APP_HOST}:${process.env.APP_PORT}/uploads/${imageName}`;\r\n  const blogData = new Blog(userId, userName, title, description, image, category)\r\n  return collection().insertOne(blogData);\r\n}\r\n\r\nexport const getMyBlogs = async (userID) => {\r\n  let blogs = []\r\n  const cursor = await collection().find({ userId: userID });\r\n  blogs = await cursor.toArray();\r\n  if (blogs === []) {\r\n    throw new Error('No blog posted so far')\r\n  }\r\n  else {\r\n    return blogs;\r\n  }\r\n};\r\n\r\nexport const editBlogWithImage = async (blogId, body, imageName) => {\r\n  const { title, description, category } = body\r\n  const image = `${process.env.APP_HOST}:${process.env.APP_PORT}/uploads/${imageName}`;\r\n  return collection().findOneAndUpdate({ _id: ObjectId(`${blogId}`) },\r\n    {\r\n      $set: {\r\n        title: title,\r\n        description: description,\r\n        category: category,\r\n        image: image,\r\n      },\r\n    },\r\n    {\r\n      upsert: true,\r\n      returnNewDocument: true,\r\n    }\r\n  )\r\n}\r\n\r\nexport const editBlog = async (blogId, body) => {\r\n  const { title, description, category } = body\r\n  return collection().findOneAndUpdate({ _id: ObjectId(`${blogId}`) },\r\n    {\r\n      $set: {\r\n        title: title,\r\n        description: description,\r\n        category: category,\r\n      },\r\n    },\r\n    {\r\n      returnNewDocument: true,\r\n    }\r\n  )\r\n\r\n}\r\n\r\nexport const deleteBlog = async (blogId) => {\r\n  return collection().findOneAndDelete({ _id: ObjectId(`${blogId}`) })\r\n}\r\n\r\n\r\n\r\n"],"mappings":";;;;;;;;;;;;;AAAA;;AACA;;AAGO,IAAMA,UAAU,GAAG,SAAbA,UAAa,GAAM;EAC9B,OAAOC,OAAO,CAAC,oBAAD,CAAP,CAA8BC,cAArC;AACD,CAFM;;;;AAIA,IAAMC,WAAW;EAAA,yFAAG;IAAA;IAAA;MAAA;QAAA;UAAA;YACrBC,KADqB,GACb,EADa;YAAA;YAAA,OAEJJ,UAAU,GAAGK,IAAb,EAFI;;UAAA;YAEnBC,MAFmB;YAAA;YAAA,OAGXA,MAAM,CAACC,OAAP,EAHW;;UAAA;YAGzBH,KAHyB;;YAAA,MAIrBA,KAAK,KAAK,EAJW;cAAA;cAAA;YAAA;;YAAA,MAKjB,IAAII,KAAJ,CAAU,uBAAV,CALiB;;UAAA;YAAA,iCAQhBJ,KARgB;;UAAA;UAAA;YAAA;QAAA;MAAA;IAAA;EAAA,CAAH;;EAAA,gBAAXD,WAAW;IAAA;EAAA;AAAA,GAAjB;;;;AAYA,IAAMM,QAAQ;EAAA,0FAAG,kBAAOC,IAAP,EAAaC,SAAb;IAAA;IAAA;MAAA;QAAA;UAAA;YACdC,MADc,GACqCF,IADrC,CACdE,MADc,EACNC,QADM,GACqCH,IADrC,CACNG,QADM,EACIC,KADJ,GACqCJ,IADrC,CACII,KADJ,EACWC,WADX,GACqCL,IADrC,CACWK,WADX,EACwBC,QADxB,GACqCN,IADrC,CACwBM,QADxB;YAEhBC,KAFgB,aAELC,OAAO,CAACC,GAAR,CAAYC,QAFP,cAEmBF,OAAO,CAACC,GAAR,CAAYE,QAF/B,sBAEmDV,SAFnD;YAGhBW,QAHgB,GAGL,IAAIC,gBAAJ,CAASX,MAAT,EAAiBC,QAAjB,EAA2BC,KAA3B,EAAkCC,WAAlC,EAA+CE,KAA/C,EAAsDD,QAAtD,CAHK;YAAA,kCAIfhB,UAAU,GAAGwB,SAAb,CAAuBF,QAAvB,CAJe;;UAAA;UAAA;YAAA;QAAA;MAAA;IAAA;EAAA,CAAH;;EAAA,gBAARb,QAAQ;IAAA;EAAA;AAAA,GAAd;;;;AAOA,IAAMgB,UAAU;EAAA,0FAAG,kBAAOC,MAAP;IAAA;IAAA;MAAA;QAAA;UAAA;YACpBtB,KADoB,GACZ,EADY;YAAA;YAAA,OAEHJ,UAAU,GAAGK,IAAb,CAAkB;cAAEO,MAAM,EAAEc;YAAV,CAAlB,CAFG;;UAAA;YAElBpB,MAFkB;YAAA;YAAA,OAGVA,MAAM,CAACC,OAAP,EAHU;;UAAA;YAGxBH,KAHwB;;YAAA,MAIpBA,KAAK,KAAK,EAJU;cAAA;cAAA;YAAA;;YAAA,MAKhB,IAAII,KAAJ,CAAU,uBAAV,CALgB;;UAAA;YAAA,kCAQfJ,KARe;;UAAA;UAAA;YAAA;QAAA;MAAA;IAAA;EAAA,CAAH;;EAAA,gBAAVqB,UAAU;IAAA;EAAA;AAAA,GAAhB;;;;AAYA,IAAME,iBAAiB;EAAA,0FAAG,kBAAOC,MAAP,EAAelB,IAAf,EAAqBC,SAArB;IAAA;IAAA;MAAA;QAAA;UAAA;YACvBG,KADuB,GACUJ,IADV,CACvBI,KADuB,EAChBC,WADgB,GACUL,IADV,CAChBK,WADgB,EACHC,QADG,GACUN,IADV,CACHM,QADG;YAEzBC,KAFyB,aAEdC,OAAO,CAACC,GAAR,CAAYC,QAFE,cAEUF,OAAO,CAACC,GAAR,CAAYE,QAFtB,sBAE0CV,SAF1C;YAAA,kCAGxBX,UAAU,GAAG6B,gBAAb,CAA8B;cAAEC,GAAG,EAAE,IAAAC,iBAAA,YAAYH,MAAZ;YAAP,CAA9B,EACL;cACEI,IAAI,EAAE;gBACJlB,KAAK,EAAEA,KADH;gBAEJC,WAAW,EAAEA,WAFT;gBAGJC,QAAQ,EAAEA,QAHN;gBAIJC,KAAK,EAAEA;cAJH;YADR,CADK,EASL;cACEgB,MAAM,EAAE,IADV;cAEEC,iBAAiB,EAAE;YAFrB,CATK,CAHwB;;UAAA;UAAA;YAAA;QAAA;MAAA;IAAA;EAAA,CAAH;;EAAA,gBAAjBP,iBAAiB;IAAA;EAAA;AAAA,GAAvB;;;;AAmBA,IAAMQ,QAAQ;EAAA,0FAAG,kBAAOP,MAAP,EAAelB,IAAf;IAAA;IAAA;MAAA;QAAA;UAAA;YACdI,KADc,GACmBJ,IADnB,CACdI,KADc,EACPC,WADO,GACmBL,IADnB,CACPK,WADO,EACMC,QADN,GACmBN,IADnB,CACMM,QADN;YAAA,kCAEfhB,UAAU,GAAG6B,gBAAb,CAA8B;cAAEC,GAAG,EAAE,IAAAC,iBAAA,YAAYH,MAAZ;YAAP,CAA9B,EACL;cACEI,IAAI,EAAE;gBACJlB,KAAK,EAAEA,KADH;gBAEJC,WAAW,EAAEA,WAFT;gBAGJC,QAAQ,EAAEA;cAHN;YADR,CADK,EAQL;cACEkB,iBAAiB,EAAE;YADrB,CARK,CAFe;;UAAA;UAAA;YAAA;QAAA;MAAA;IAAA;EAAA,CAAH;;EAAA,gBAARC,QAAQ;IAAA;EAAA;AAAA,GAAd;;;;AAiBA,IAAMC,UAAU;EAAA,0FAAG,kBAAOR,MAAP;IAAA;MAAA;QAAA;UAAA;YAAA,kCACjB5B,UAAU,GAAGqC,gBAAb,CAA8B;cAAEP,GAAG,EAAE,IAAAC,iBAAA,YAAYH,MAAZ;YAAP,CAA9B,CADiB;;UAAA;UAAA;YAAA;QAAA;MAAA;IAAA;EAAA,CAAH;;EAAA,gBAAVQ,UAAU;IAAA;EAAA;AAAA,GAAhB"},"_coverageSchema":"1a1c01bbd47fc00a2c39e90264f33305004495a9","hash":"ada9f5119e00d6b24ea3b60a2b96a0f7deb2d27a","contentHash":"32bbdaacc57d4d4875ecda0e4c54b0ca9010e22bbffc66fc5cf482965556bfb3"},"D:\\projects\\blogging-app-backend\\blog-app\\src\\models\\blog.class.js":{"path":"D:\\projects\\blogging-app-backend\\blog-app\\src\\models\\blog.class.js","statementMap":{"0":{"start":{"line":3,"column":29},"end":{"line":3,"column":84}},"1":{"start":{"line":5,"column":0},"end":{"line":7,"column":3}},"2":{"start":{"line":8,"column":0},"end":{"line":8,"column":28}},"3":{"start":{"line":10,"column":20},"end":{"line":10,"column":89}},"4":{"start":{"line":12,"column":23},"end":{"line":12,"column":95}},"5":{"start":{"line":14,"column":24},"end":{"line":23,"column":2}},"6":{"start":{"line":15,"column":2},"end":{"line":15,"column":47}},"7":{"start":{"line":16,"column":2},"end":{"line":16,"column":27}},"8":{"start":{"line":17,"column":2},"end":{"line":17,"column":23}},"9":{"start":{"line":18,"column":2},"end":{"line":18,"column":21}},"10":{"start":{"line":19,"column":2},"end":{"line":19,"column":33}},"11":{"start":{"line":20,"column":2},"end":{"line":20,"column":21}},"12":{"start":{"line":21,"column":2},"end":{"line":21,"column":27}},"13":{"start":{"line":22,"column":2},"end":{"line":22,"column":25}},"14":{"start":{"line":24,"column":15},"end":{"line":24,"column":19}},"15":{"start":{"line":25,"column":0},"end":{"line":25,"column":30}}},"fnMap":{"0":{"name":"Blog","decl":{"start":{"line":14,"column":63},"end":{"line":14,"column":67}},"loc":{"start":{"line":14,"column":123},"end":{"line":23,"column":1}},"line":14}},"branchMap":{},"s":{"0":1,"1":1,"2":1,"3":1,"4":1,"5":1,"6":0,"7":0,"8":0,"9":0,"10":0,"11":0,"12":0,"13":0,"14":1,"15":1},"f":{"0":0},"b":{},"inputSourceMap":{"version":3,"names":["Blog","userId","userName","title","description","image","category","time","Date"],"sourceRoot":"D:\\projects\\blogging-app-backend\\blog-app\\src\\models\\","sources":["blog.class.js"],"sourcesContent":["class Blog {    \r\n    constructor(userId, userName, title, description, image, category){\r\n      this.userName = userName;\r\n      this.userId = userId;\r\n      this.title = title;\r\n      this.description = description;\r\n      this.image = image;\r\n      this.category = category;\r\n      this.time = new Date();\r\n    }         \r\n}\r\nexport default Blog"],"mappings":";;;;;;;;;;;;;IAAMA,I,8CACF,cAAYC,MAAZ,EAAoBC,QAApB,EAA8BC,KAA9B,EAAqCC,WAArC,EAAkDC,KAAlD,EAAyDC,QAAzD,EAAkE;EAAA;EAChE,KAAKJ,QAAL,GAAgBA,QAAhB;EACA,KAAKD,MAAL,GAAcA,MAAd;EACA,KAAKE,KAAL,GAAaA,KAAb;EACA,KAAKC,WAAL,GAAmBA,WAAnB;EACA,KAAKC,KAAL,GAAaA,KAAb;EACA,KAAKC,QAAL,GAAgBA,QAAhB;EACA,KAAKC,IAAL,GAAY,IAAIC,IAAJ,EAAZ;AACD,C;eAEUR,I"},"_coverageSchema":"1a1c01bbd47fc00a2c39e90264f33305004495a9","hash":"c0b8a7c76bdb597e20dc55004252105859ee3d22","contentHash":"53ba0144acf321a46c9aaa0b66729b75f9ffe43770062b63447d8189814435ff"},"D:\\projects\\blogging-app-backend\\blog-app\\src\\multer\\multer.js":{"path":"D:\\projects\\blogging-app-backend\\blog-app\\src\\multer\\multer.js","statementMap":{"0":{"start":{"line":3,"column":29},"end":{"line":3,"column":84}},"1":{"start":{"line":5,"column":0},"end":{"line":7,"column":3}},"2":{"start":{"line":8,"column":0},"end":{"line":8,"column":24}},"3":{"start":{"line":10,"column":14},"end":{"line":10,"column":55}},"4":{"start":{"line":12,"column":14},"end":{"line":20,"column":2}},"5":{"start":{"line":14,"column":4},"end":{"line":14,"column":39}},"6":{"start":{"line":17,"column":4},"end":{"line":17,"column":84}},"7":{"start":{"line":18,"column":4},"end":{"line":18,"column":88}},"8":{"start":{"line":22,"column":13},"end":{"line":24,"column":2}},"9":{"start":{"line":25,"column":0},"end":{"line":25,"column":24}}},"fnMap":{"0":{"name":"destination","decl":{"start":{"line":13,"column":24},"end":{"line":13,"column":35}},"loc":{"start":{"line":13,"column":46},"end":{"line":15,"column":3}},"line":13},"1":{"name":"filename","decl":{"start":{"line":16,"column":21},"end":{"line":16,"column":29}},"loc":{"start":{"line":16,"column":46},"end":{"line":19,"column":3}},"line":16}},"branchMap":{},"s":{"0":1,"1":1,"2":1,"3":1,"4":1,"5":0,"6":0,"7":0,"8":1,"9":1},"f":{"0":0,"1":0},"b":{},"inputSourceMap":{"version":3,"names":["storage","multer","diskStorage","destination","callback","filename","file","Date","toISOString","replace","originalname","upload"],"sourceRoot":"D:\\projects\\blogging-app-backend\\blog-app\\src\\multer\\","sources":["multer.js"],"sourcesContent":["import multer from \"multer\";\r\n\r\nconst storage = multer.diskStorage({\r\n    destination: function (callback) {\r\n        callback(null, './public/uploads')\r\n    },\r\n    filename: function (file, callback) {\r\n        callback(null, new Date().toISOString().replace(/:/g, '-') + file.originalname)\r\n        file.originalname = new Date().toISOString().replace(/:/g, '-') + file.originalname;\r\n    }\r\n});\r\n\r\nexport const upload = multer({\r\n    storage: storage\r\n    })"],"mappings":";;;;;;;;;AAAA;;AAEA,IAAMA,OAAO,GAAGC,kBAAA,CAAOC,WAAP,CAAmB;EAC/BC,WAAW,EAAE,qBAAUC,QAAV,EAAoB;IAC7BA,QAAQ,CAAC,IAAD,EAAO,kBAAP,CAAR;EACH,CAH8B;EAI/BC,QAAQ,EAAE,kBAAUC,IAAV,EAAgBF,QAAhB,EAA0B;IAChCA,QAAQ,CAAC,IAAD,EAAO,IAAIG,IAAJ,GAAWC,WAAX,GAAyBC,OAAzB,CAAiC,IAAjC,EAAuC,GAAvC,IAA8CH,IAAI,CAACI,YAA1D,CAAR;IACAJ,IAAI,CAACI,YAAL,GAAoB,IAAIH,IAAJ,GAAWC,WAAX,GAAyBC,OAAzB,CAAiC,IAAjC,EAAuC,GAAvC,IAA8CH,IAAI,CAACI,YAAvE;EACH;AAP8B,CAAnB,CAAhB;;AAUO,IAAMC,MAAM,GAAG,IAAAV,kBAAA,EAAO;EACzBD,OAAO,EAAEA;AADgB,CAAP,CAAf"},"_coverageSchema":"1a1c01bbd47fc00a2c39e90264f33305004495a9","hash":"34a2b7e150ebe5158e956c0cf97cf088602b6bcf","contentHash":"adec7e5b8504fa0b650fae0f10429a4ac3a7831413f3db2a5dc586c8f06f6792"},"D:\\projects\\blogging-app-backend\\blog-app\\src\\middlewares\\error.middleware.js":{"path":"D:\\projects\\blogging-app-backend\\blog-app\\src\\middlewares\\error.middleware.js","statementMap":{"0":{"start":{"line":3,"column":29},"end":{"line":3,"column":84}},"1":{"start":{"line":5,"column":0},"end":{"line":7,"column":3}},"2":{"start":{"line":8,"column":0},"end":{"line":8,"column":42}},"3":{"start":{"line":9,"column":0},"end":{"line":9,"column":50}},"4":{"start":{"line":10,"column":0},"end":{"line":10,"column":28}},"5":{"start":{"line":12,"column":23},"end":{"line":12,"column":75}},"6":{"start":{"line":14,"column":14},"end":{"line":14,"column":65}},"7":{"start":{"line":23,"column":2},"end":{"line":26,"column":5}},"8":{"start":{"line":40,"column":2},"end":{"line":49,"column":3}},"9":{"start":{"line":41,"column":4},"end":{"line":41,"column":236}},"10":{"start":{"line":43,"column":4},"end":{"line":46,"column":7}},"11":{"start":{"line":48,"column":4},"end":{"line":48,"column":14}},"12":{"start":{"line":63,"column":2},"end":{"line":63,"column":262}},"13":{"start":{"line":65,"column":2},"end":{"line":69,"column":5}}},"fnMap":{"0":{"name":"notFound","decl":{"start":{"line":22,"column":9},"end":{"line":22,"column":17}},"loc":{"start":{"line":22,"column":29},"end":{"line":27,"column":1}},"line":22},"1":{"name":"appErrorHandler","decl":{"start":{"line":39,"column":9},"end":{"line":39,"column":24}},"loc":{"start":{"line":39,"column":46},"end":{"line":50,"column":1}},"line":39},"2":{"name":"genericErrorHandler","decl":{"start":{"line":62,"column":9},"end":{"line":62,"column":28}},"loc":{"start":{"line":62,"column":51},"end":{"line":70,"column":1}},"line":62}},"branchMap":{"0":{"loc":{"start":{"line":40,"column":2},"end":{"line":49,"column":3}},"type":"if","locations":[{"start":{"line":40,"column":2},"end":{"line":49,"column":3}},{"start":{"line":40,"column":2},"end":{"line":49,"column":3}}],"line":40},"1":{"loc":{"start":{"line":40,"column":6},"end":{"line":40,"column":46}},"type":"binary-expr","locations":[{"start":{"line":40,"column":6},"end":{"line":40,"column":14}},{"start":{"line":40,"column":18},"end":{"line":40,"column":46}}],"line":40}},"s":{"0":1,"1":1,"2":1,"3":1,"4":1,"5":1,"6":1,"7":0,"8":0,"9":0,"10":0,"11":0,"12":0,"13":0},"f":{"0":0,"1":0,"2":0},"b":{"0":[0,0],"1":[0,0]},"inputSourceMap":{"version":3,"names":["notFound","_req","res","status","HttpStatus","NOT_FOUND","json","code","message","appErrorHandler","err","req","next","logger","error","originalUrl","method","ip","genericErrorHandler","_next","INTERNAL_SERVER_ERROR","stack","data"],"sourceRoot":"D:\\projects\\blogging-app-backend\\blog-app\\src\\middlewares\\","sources":["error.middleware.js"],"sourcesContent":["import HttpStatus from 'http-status-codes';\n\nimport logger from '../config/logger';\n\n/**\n * Error response middleware for 404 not found.\n *\n * @param {Object} req\n * @param {Object} res\n */\nexport function notFound(_req, res) {\n  res.status(HttpStatus.NOT_FOUND).json({\n    code: HttpStatus.NOT_FOUND,\n    message: 'Ooops, route not found'\n  });\n}\n\n/**\n * Error response middleware for handling all app errors except generic errors.\n *\n * @param  {Object}   err\n * @param  {Object}   req\n * @param  {Object}   res\n * @param  {Function} next\n */\n// eslint-disable-next-line no-unused-vars\nexport function appErrorHandler(err, req, res, next) {\n  if (err.code && typeof err.code === 'number') {\n    logger.error(`\n      status - ${err.code}\n      message - ${err.message} \n      url - ${req.originalUrl} \n      method - ${req.method} \n      IP - ${req.ip}\n    `);\n    res.status(err.code).json({\n      code: err.code,\n      message: err.message\n    });\n  } else {\n    next(err);\n  }\n}\n\n/**\n * Generic error response middleware for internal server errors.\n *\n * @param  {Object}   err\n * @param  {Object}   req\n * @param  {Object}   res\n * @param  {Function} next\n */\n// eslint-disable-next-line no-unused-vars\nexport function genericErrorHandler(err, req, res, _next) {\n  logger.error(`\n    status - ${HttpStatus.INTERNAL_SERVER_ERROR} \n    message - ${err.stack} \n    url - ${req.originalUrl} \n    method - ${req.method} \n    IP - ${req.ip}\n  `);\n\n  res.status(HttpStatus.INTERNAL_SERVER_ERROR).json({\n    code: HttpStatus.INTERNAL_SERVER_ERROR,\n    data: '',\n    message: err.message\n  });\n}"],"mappings":";;;;;;;;;;;AAAA;;AAEA;;AAEA;AACA;AACA;AACA;AACA;AACA;AACO,SAASA,QAAT,CAAkBC,IAAlB,EAAwBC,GAAxB,EAA6B;EAClCA,GAAG,CAACC,MAAJ,CAAWC,2BAAA,CAAWC,SAAtB,EAAiCC,IAAjC,CAAsC;IACpCC,IAAI,EAAEH,2BAAA,CAAWC,SADmB;IAEpCG,OAAO,EAAE;EAF2B,CAAtC;AAID;AAED;AACA;AACA;AACA;AACA;AACA;AACA;AACA;AACA;;;AACO,SAASC,eAAT,CAAyBC,GAAzB,EAA8BC,GAA9B,EAAmCT,GAAnC,EAAwCU,IAAxC,EAA8C;EACnD,IAAIF,GAAG,CAACH,IAAJ,IAAY,OAAOG,GAAG,CAACH,IAAX,KAAoB,QAApC,EAA8C;IAC5CM,kBAAA,CAAOC,KAAP,4BACaJ,GAAG,CAACH,IADjB,+BAEcG,GAAG,CAACF,OAFlB,4BAGUG,GAAG,CAACI,WAHd,+BAIaJ,GAAG,CAACK,MAJjB,2BAKSL,GAAG,CAACM,EALb;;IAOAf,GAAG,CAACC,MAAJ,CAAWO,GAAG,CAACH,IAAf,EAAqBD,IAArB,CAA0B;MACxBC,IAAI,EAAEG,GAAG,CAACH,IADc;MAExBC,OAAO,EAAEE,GAAG,CAACF;IAFW,CAA1B;EAID,CAZD,MAYO;IACLI,IAAI,CAACF,GAAD,CAAJ;EACD;AACF;AAED;AACA;AACA;AACA;AACA;AACA;AACA;AACA;AACA;;;AACO,SAASQ,mBAAT,CAA6BR,GAA7B,EAAkCC,GAAlC,EAAuCT,GAAvC,EAA4CiB,KAA5C,EAAmD;EACxDN,kBAAA,CAAOC,KAAP,0BACaV,2BAAA,CAAWgB,qBADxB,8BAEcV,GAAG,CAACW,KAFlB,0BAGUV,GAAG,CAACI,WAHd,6BAIaJ,GAAG,CAACK,MAJjB,yBAKSL,GAAG,CAACM,EALb;;EAQAf,GAAG,CAACC,MAAJ,CAAWC,2BAAA,CAAWgB,qBAAtB,EAA6Cd,IAA7C,CAAkD;IAChDC,IAAI,EAAEH,2BAAA,CAAWgB,qBAD+B;IAEhDE,IAAI,EAAE,EAF0C;IAGhDd,OAAO,EAAEE,GAAG,CAACF;EAHmC,CAAlD;AAKD"},"_coverageSchema":"1a1c01bbd47fc00a2c39e90264f33305004495a9","hash":"94c530de8bff6cd6d0416cde940fb56bc7da44c7","contentHash":"2a1f64c6a0828890d33cbd43e0bb3a21495666a26e54e453373ad2fe9df33835"}}