TN:
SF:src\index.js
FN:41,(anonymous_3)
FNF:1
FNH:1
FNDA:1,(anonymous_3)
DA:1,1
DA:2,1
DA:4,1
DA:5,1
DA:6,1
DA:8,1
DA:9,1
DA:10,1
DA:15,1
DA:17,1
DA:19,1
DA:20,1
DA:21,1
DA:22,1
DA:24,1
DA:27,1
DA:28,1
DA:29,1
DA:30,1
DA:31,1
DA:32,1
DA:34,1
DA:36,1
DA:37,1
DA:38,1
DA:39,1
DA:41,1
DA:42,1
DA:45,1
LF:29
LH:29
BRF:0
BRH:0
end_of_record
TN:
SF:src\config\database.js
FN:4,(anonymous_0)
FN:4,_callee
FN:4,database
FNF:3
FNH:3
FNDA:1,(anonymous_0)
FNDA:9,_callee
FNDA:3,database
DA:1,1
DA:2,1
DA:4,24
DA:5,3
DA:9,3
DA:10,3
DA:12,3
DA:13,3
DA:14,3
DA:15,3
DA:18,0
DA:21,1
LF:12
LH:11
BRDA:4,0,0,3
BRDA:4,0,1,3
BRDA:4,0,2,3
BRDA:4,0,3,3
BRDA:6,1,0,3
BRDA:6,1,1,0
BRF:6
BRH:5
end_of_record
TN:
SF:src\config\logger.js
FN:62,write
FNF:1
FNH:1
FNDA:5,write
DA:1,1
DA:2,1
DA:7,1
DA:39,1
DA:62,1
DA:69,5
DA:73,1
LF:7
LH:7
BRF:0
BRH:0
end_of_record
TN:
SF:src\controllers\blog.controller.js
FN:4,(anonymous_3)
FN:4,_callee
FN:4,getAllBlogs
FN:20,(anonymous_7)
FN:20,_callee2
FN:20,postBlog
FN:37,(anonymous_11)
FN:37,_callee3
FN:37,getMyBlogs
FN:53,(anonymous_15)
FN:53,_callee4
FN:53,editBlog
FN:77,(anonymous_19)
FN:77,_callee5
FN:77,deleteBlog
FNF:15
FNH:5
FNDA:1,(anonymous_3)
FNDA:0,_callee
FNDA:0,getAllBlogs
FNDA:1,(anonymous_7)
FNDA:0,_callee2
FNDA:0,postBlog
FNDA:1,(anonymous_11)
FNDA:0,_callee3
FNDA:0,getMyBlogs
FNDA:1,(anonymous_15)
FNDA:0,_callee4
FNDA:0,editBlog
FNDA:1,(anonymous_19)
FNDA:0,_callee5
FNDA:0,deleteBlog
DA:1,1
DA:2,1
DA:4,3
DA:6,0
DA:7,0
DA:13,0
DA:20,3
DA:22,0
DA:23,0
DA:24,0
DA:30,0
DA:37,3
DA:39,0
DA:40,0
DA:46,0
DA:53,3
DA:54,0
DA:55,0
DA:58,0
DA:59,0
DA:62,0
DA:64,0
DA:70,0
DA:77,3
DA:78,0
DA:80,0
DA:81,0
DA:87,0
LF:28
LH:7
BRDA:4,0,0,0
BRDA:4,0,1,0
BRDA:4,0,2,0
BRDA:4,0,3,0
BRDA:4,0,4,0
BRDA:20,1,0,0
BRDA:20,1,1,0
BRDA:20,1,2,0
BRDA:20,1,3,0
BRDA:20,1,4,0
BRDA:37,2,0,0
BRDA:37,2,1,0
BRDA:37,2,2,0
BRDA:37,2,3,0
BRDA:37,2,4,0
BRDA:53,3,0,0
BRDA:53,3,1,0
BRDA:53,3,2,0
BRDA:53,3,3,0
BRDA:53,3,4,0
BRDA:53,3,5,0
BRDA:53,3,6,0
BRDA:53,3,7,0
BRDA:53,4,0,0
BRDA:53,4,1,0
BRDA:77,5,0,0
BRDA:77,5,1,0
BRDA:77,5,2,0
BRDA:77,5,3,0
BRDA:77,5,4,0
BRF:30
BRH:0
end_of_record
TN:
SF:src\controllers\user.controller.js
FN:4,(anonymous_3)
FN:4,_callee
FN:4,newUser
FN:20,(anonymous_7)
FN:20,_callee2
FN:20,login
FN:36,(anonymous_11)
FN:36,_callee3
FN:36,updateUser
FNF:9
FNH:7
FNDA:1,(anonymous_3)
FNDA:6,_callee
FNDA:2,newUser
FNDA:1,(anonymous_7)
FNDA:9,_callee2
FNDA:3,login
FNDA:1,(anonymous_11)
FNDA:0,_callee3
FNDA:0,updateUser
DA:1,1
DA:2,1
DA:4,23
DA:6,1
DA:7,1
DA:13,1
DA:20,35
DA:22,1
DA:23,1
DA:24,1
DA:29,2
DA:36,3
DA:38,0
DA:39,0
DA:40,0
DA:46,0
LF:16
LH:12
BRDA:4,0,0,2
BRDA:4,0,1,1
BRDA:4,0,2,1
BRDA:4,0,3,2
BRDA:4,0,4,2
BRDA:20,1,0,3
BRDA:20,1,1,1
BRDA:20,1,2,2
BRDA:20,1,3,3
BRDA:20,1,4,3
BRDA:36,2,0,0
BRDA:36,2,1,0
BRDA:36,2,2,0
BRDA:36,2,3,0
BRDA:36,2,4,0
BRF:15
BRH:10
end_of_record
TN:
SF:src\middlewares\auth.middleware.js
FN:4,(anonymous_0)
FN:4,_callee
FN:12,(anonymous_3)
FN:4,auth
FN:27,(anonymous_5)
FN:27,_callee2
FN:36,(anonymous_8)
FN:27,userAuth
FNF:8
FNH:2
FNDA:1,(anonymous_0)
FNDA:0,_callee
FNDA:0,(anonymous_3)
FNDA:0,auth
FNDA:1,(anonymous_5)
FNDA:0,_callee2
FNDA:0,(anonymous_8)
FNDA:0,userAuth
DA:1,1
DA:2,1
DA:4,3
DA:6,0
DA:10,0
DA:12,0
DA:13,0
DA:14,0
DA:16,0
DA:18,0
DA:23,0
DA:27,3
DA:29,0
DA:34,0
DA:36,0
DA:37,0
DA:38,0
DA:40,0
DA:41,0
DA:42,0
DA:44,0
DA:49,0
LF:22
LH:4
BRDA:4,0,0,0
BRDA:4,0,1,0
BRDA:4,0,2,0
BRDA:4,0,3,0
BRDA:4,0,4,0
BRDA:4,1,0,0
BRDA:4,1,1,0
BRDA:13,2,0,0
BRDA:13,2,1,0
BRDA:27,3,0,0
BRDA:27,3,1,0
BRDA:27,3,2,0
BRDA:27,3,3,0
BRDA:27,3,4,0
BRDA:27,4,0,0
BRDA:27,4,1,0
BRDA:37,5,0,0
BRDA:37,5,1,0
BRF:18
BRH:0
end_of_record
TN:
SF:src\middlewares\error.middleware.js
FN:11,notFound
FN:27,appErrorHandler
FN:54,genericErrorHandler
FNF:3
FNH:0
FNDA:0,notFound
FNDA:0,appErrorHandler
FNDA:0,genericErrorHandler
DA:1,1
DA:3,1
DA:12,0
DA:28,0
DA:29,0
DA:36,0
DA:41,0
DA:55,0
DA:63,0
LF:9
LH:2
BRDA:28,0,0,0
BRDA:28,0,1,0
BRDA:28,1,0,0
BRDA:28,1,1,0
BRF:4
BRH:0
end_of_record
TN:
SF:src\models\blog.class.js
FN:2,Blog
FNF:1
FNH:0
FNDA:0,Blog
DA:2,0
DA:3,0
DA:4,0
DA:5,0
DA:6,0
DA:7,0
DA:8,0
DA:9,0
DA:12,1
LF:9
LH:1
BRF:0
BRH:0
end_of_record
TN:
SF:src\models\user.class.js
FN:2,User
FNF:1
FNH:1
FNDA:2,User
DA:2,2
DA:3,2
DA:4,2
DA:5,2
DA:6,2
DA:7,2
DA:11,1
LF:7
LH:7
BRF:0
BRH:0
end_of_record
TN:
SF:src\multer\multer.js
FN:4,destination
FN:7,filename
FNF:2
FNH:0
FNDA:0,destination
FNDA:0,filename
DA:1,1
DA:3,1
DA:5,0
DA:8,0
DA:9,0
DA:13,1
LF:6
LH:3
BRF:0
BRH:0
end_of_record
TN:
SF:src\routes\blogRouter.js
FNF:0
FNH:0
DA:1,1
DA:2,1
DA:3,1
DA:4,1
DA:7,1
DA:9,1
DA:11,1
DA:13,1
DA:15,1
DA:17,1
DA:21,1
LF:11
LH:11
BRF:0
BRH:0
end_of_record
TN:
SF:src\routes\index.js
FN:7,routes
FN:8,(anonymous_1)
FNF:2
FNH:1
FNDA:1,routes
FNDA:0,(anonymous_1)
DA:1,1
DA:2,1
DA:4,1
DA:5,1
DA:7,1
DA:8,1
DA:9,0
DA:11,1
DA:12,1
DA:14,1
DA:17,1
LF:11
LH:10
BRF:0
BRH:0
end_of_record
TN:
SF:src\routes\userRouter.js
FNF:0
FNH:0
DA:1,1
DA:2,1
DA:3,1
DA:6,1
DA:8,1
DA:10,1
DA:12,1
DA:14,1
LF:8
LH:8
BRF:0
BRH:0
end_of_record
TN:
SF:src\services\blog.service.js
FN:5,collection
FN:9,(anonymous_1)
FN:9,_callee
FN:9,getAllBlogs
FN:21,(anonymous_5)
FN:21,_callee2
FN:21,postBlog
FN:28,(anonymous_9)
FN:28,_callee3
FN:28,getMyBlogs
FN:40,(anonymous_13)
FN:40,_callee4
FN:40,editBlogWithImage
FN:59,(anonymous_17)
FN:59,_callee5
FN:59,editBlog
FN:76,(anonymous_21)
FN:76,_callee6
FN:76,deleteBlog
FNF:19
FNH:6
FNDA:0,collection
FNDA:1,(anonymous_1)
FNDA:0,_callee
FNDA:0,getAllBlogs
FNDA:1,(anonymous_5)
FNDA:0,_callee2
FNDA:0,postBlog
FNDA:1,(anonymous_9)
FNDA:0,_callee3
FNDA:0,getMyBlogs
FNDA:1,(anonymous_13)
FNDA:0,_callee4
FNDA:0,editBlogWithImage
FNDA:1,(anonymous_17)
FNDA:0,_callee5
FNDA:0,editBlog
FNDA:1,(anonymous_21)
FNDA:0,_callee6
FNDA:0,deleteBlog
DA:1,1
DA:2,1
DA:5,1
DA:6,0
DA:9,3
DA:10,0
DA:11,0
DA:12,0
DA:21,3
DA:22,0
DA:23,0
DA:24,0
DA:28,3
DA:29,0
DA:30,0
DA:31,0
DA:40,3
DA:41,0
DA:42,0
DA:59,3
DA:60,0
DA:76,3
LF:22
LH:9
BRDA:9,0,0,0
BRDA:9,0,1,0
BRDA:9,0,2,0
BRDA:9,0,3,0
BRDA:9,0,4,0
BRDA:9,0,5,0
BRDA:9,1,0,0
BRDA:9,1,1,0
BRDA:21,2,0,0
BRDA:21,2,1,0
BRDA:21,2,2,0
BRDA:28,3,0,0
BRDA:28,3,1,0
BRDA:28,3,2,0
BRDA:28,3,3,0
BRDA:28,3,4,0
BRDA:28,3,5,0
BRDA:28,4,0,0
BRDA:28,4,1,0
BRDA:40,5,0,0
BRDA:40,5,1,0
BRDA:40,5,2,0
BRDA:59,6,0,0
BRDA:59,6,1,0
BRDA:59,6,2,0
BRDA:76,7,0,0
BRDA:76,7,1,0
BRDA:76,7,2,0
BRF:28
BRH:0
end_of_record
TN:
SF:src\services\user.service.js
FN:6,collection
FN:10,(anonymous_1)
FN:10,_callee
FN:10,newUser
FN:24,(anonymous_5)
FN:24,_callee2
FN:24,login
FN:43,(anonymous_9)
FN:43,_callee3
FN:43,updateUser
FNF:10
FNH:8
FNDA:9,collection
FNDA:1,(anonymous_1)
FNDA:16,_callee
FNDA:3,newUser
FNDA:1,(anonymous_5)
FNDA:19,_callee2
FNDA:4,login
FNDA:1,(anonymous_9)
FNDA:0,_callee3
FNDA:0,updateUser
DA:1,1
DA:2,1
DA:3,1
DA:4,1
DA:6,1
DA:7,9
DA:10,58
DA:11,3
DA:12,3
DA:17,2
DA:18,2
DA:19,2
DA:24,75
DA:25,4
DA:26,4
DA:31,3
DA:34,2
DA:43,3
DA:44,0
DA:45,0
LF:20
LH:18
BRDA:10,0,0,3
BRDA:10,0,1,3
BRDA:10,0,2,2
BRDA:10,0,3,2
BRDA:10,0,4,2
BRDA:10,0,5,0
BRDA:10,0,6,3
BRDA:10,1,0,2
BRDA:10,1,1,1
BRDA:24,2,0,4
BRDA:24,2,1,4
BRDA:24,2,2,3
BRDA:24,2,3,3
BRDA:24,2,4,1
BRDA:24,2,5,0
BRDA:24,2,6,4
BRDA:24,3,0,4
BRDA:24,3,1,3
BRDA:43,4,0,0
BRDA:43,4,1,0
BRDA:43,4,2,0
BRF:21
BRH:16
end_of_record
